{"/home/travis/build/npmtest/node-npmtest-stubby/test.js":{"path":"/home/travis/build/npmtest/node-npmtest-stubby/test.js","s":{"1":2,"2":2,"3":2,"4":2,"5":2,"6":2,"7":2,"8":1,"9":2,"10":2,"11":1,"12":1,"13":1,"14":1,"15":2,"16":2,"17":2,"18":2,"19":1,"20":1,"21":2,"22":2,"23":2,"24":1,"25":1,"26":1,"27":1,"28":1,"29":1,"30":1,"31":1,"32":1,"33":1,"34":1,"35":1,"36":1,"37":1,"38":1,"39":2,"40":2,"41":1,"42":2,"43":2,"44":1,"45":2,"46":2,"47":1,"48":2,"49":2,"50":1,"51":1,"52":1,"53":1,"54":1},"b":{"1":[2,1,1,1],"2":[1,1,1,1],"3":[1,1],"4":[1,1],"5":[1,1],"6":[1,1],"7":[1,1],"8":[1,1],"9":[1,1],"10":[1,1,1],"11":[1,1],"12":[1,1],"13":[1,1],"14":[1,1],"15":[1,1],"16":[1,1],"17":[1,1]},"f":{"1":2,"2":2,"3":2,"4":2,"5":2,"6":1,"7":1,"8":1,"9":2,"10":2,"11":2,"12":2,"13":1},"fnMap":{"1":{"name":"(anonymous_1)","line":12,"loc":{"start":{"line":12,"column":1},"end":{"line":12,"column":13}}},"2":{"name":"(anonymous_2)","line":19,"loc":{"start":{"line":19,"column":5},"end":{"line":19,"column":17}}},"3":{"name":"(anonymous_3)","line":23,"loc":{"start":{"line":23,"column":24},"end":{"line":23,"column":36}}},"4":{"name":"(anonymous_4)","line":61,"loc":{"start":{"line":61,"column":5},"end":{"line":61,"column":17}}},"5":{"name":"(anonymous_5)","line":82,"loc":{"start":{"line":82,"column":5},"end":{"line":82,"column":17}}},"6":{"name":"(anonymous_6)","line":91,"loc":{"start":{"line":91,"column":77},"end":{"line":94,"column":10}}},"7":{"name":"(anonymous_7)","line":112,"loc":{"start":{"line":112,"column":83},"end":{"line":115,"column":10}},"skip":true},"8":{"name":"(anonymous_8)","line":123,"loc":{"start":{"line":123,"column":77},"end":{"line":126,"column":10}},"skip":true},"9":{"name":"(anonymous_9)","line":139,"loc":{"start":{"line":139,"column":12},"end":{"line":139,"column":40}},"skip":true},"10":{"name":"(anonymous_10)","line":147,"loc":{"start":{"line":147,"column":77},"end":{"line":150,"column":10}},"skip":true},"11":{"name":"(anonymous_11)","line":158,"loc":{"start":{"line":158,"column":83},"end":{"line":161,"column":10}},"skip":true},"12":{"name":"(anonymous_12)","line":169,"loc":{"start":{"line":169,"column":79},"end":{"line":172,"column":10}},"skip":true},"13":{"name":"(anonymous_13)","line":180,"loc":{"start":{"line":180,"column":75},"end":{"line":183,"column":10}},"skip":true}},"statementMap":{"1":{"start":{"line":12,"column":0},"end":{"line":195,"column":5}},"2":{"start":{"line":14,"column":4},"end":{"line":14,"column":14}},"3":{"start":{"line":19,"column":4},"end":{"line":56,"column":9}},"4":{"start":{"line":21,"column":8},"end":{"line":21,"column":19}},"5":{"start":{"line":23,"column":8},"end":{"line":35,"column":13}},"6":{"start":{"line":24,"column":12},"end":{"line":34,"column":13}},"7":{"start":{"line":25,"column":16},"end":{"line":28,"column":30}},"8":{"start":{"line":30,"column":16},"end":{"line":33,"column":27}},"9":{"start":{"line":37,"column":8},"end":{"line":39,"column":21}},"10":{"start":{"line":40,"column":8},"end":{"line":53,"column":9}},"11":{"start":{"line":43,"column":12},"end":{"line":46,"column":14}},"12":{"start":{"line":47,"column":12},"end":{"line":47,"column":18}},"13":{"start":{"line":50,"column":12},"end":{"line":51,"column":33}},"14":{"start":{"line":52,"column":12},"end":{"line":52,"column":18}},"15":{"start":{"line":55,"column":8},"end":{"line":55,"column":35}},"16":{"start":{"line":61,"column":4},"end":{"line":63,"column":9}},"17":{"start":{"line":62,"column":8},"end":{"line":62,"column":15}},"18":{"start":{"line":64,"column":4},"end":{"line":77,"column":5}},"19":{"start":{"line":70,"column":8},"end":{"line":70,"column":14}},"20":{"start":{"line":76,"column":8},"end":{"line":76,"column":14}},"21":{"start":{"line":82,"column":4},"end":{"line":84,"column":9}},"22":{"start":{"line":83,"column":8},"end":{"line":83,"column":15}},"23":{"start":{"line":85,"column":4},"end":{"line":194,"column":5}},"24":{"start":{"line":91,"column":8},"end":{"line":99,"column":10}},"25":{"start":{"line":98,"column":12},"end":{"line":98,"column":35}},"26":{"start":{"line":102,"column":8},"end":{"line":104,"column":63}},"27":{"start":{"line":105,"column":8},"end":{"line":105,"column":14}},"28":{"start":{"line":112,"column":8},"end":{"line":121,"column":10},"skip":true},"29":{"start":{"line":119,"column":12},"end":{"line":119,"column":55},"skip":true},"30":{"start":{"line":120,"column":12},"end":{"line":120,"column":48},"skip":true},"31":{"start":{"line":123,"column":8},"end":{"line":136,"column":10},"skip":true},"32":{"start":{"line":130,"column":12},"end":{"line":130,"column":76},"skip":true},"33":{"start":{"line":131,"column":12},"end":{"line":131,"column":73},"skip":true},"34":{"start":{"line":132,"column":12},"end":{"line":132,"column":74},"skip":true},"35":{"start":{"line":133,"column":12},"end":{"line":133,"column":79},"skip":true},"36":{"start":{"line":134,"column":12},"end":{"line":134,"column":25},"skip":true},"37":{"start":{"line":135,"column":12},"end":{"line":135,"column":45},"skip":true},"38":{"start":{"line":138,"column":8},"end":{"line":145,"column":14},"skip":true},"39":{"start":{"line":143,"column":16},"end":{"line":143,"column":29},"skip":true},"40":{"start":{"line":144,"column":16},"end":{"line":144,"column":55},"skip":true},"41":{"start":{"line":147,"column":8},"end":{"line":156,"column":10},"skip":true},"42":{"start":{"line":154,"column":12},"end":{"line":154,"column":25},"skip":true},"43":{"start":{"line":155,"column":12},"end":{"line":155,"column":45},"skip":true},"44":{"start":{"line":158,"column":8},"end":{"line":167,"column":10},"skip":true},"45":{"start":{"line":165,"column":12},"end":{"line":165,"column":25},"skip":true},"46":{"start":{"line":166,"column":12},"end":{"line":166,"column":48},"skip":true},"47":{"start":{"line":169,"column":8},"end":{"line":178,"column":10},"skip":true},"48":{"start":{"line":176,"column":12},"end":{"line":176,"column":25},"skip":true},"49":{"start":{"line":177,"column":12},"end":{"line":177,"column":46},"skip":true},"50":{"start":{"line":180,"column":8},"end":{"line":189,"column":10},"skip":true},"51":{"start":{"line":187,"column":12},"end":{"line":187,"column":94},"skip":true},"52":{"start":{"line":188,"column":12},"end":{"line":188,"column":48},"skip":true},"53":{"start":{"line":192,"column":8},"end":{"line":192,"column":35},"skip":true},"54":{"start":{"line":193,"column":8},"end":{"line":193,"column":14},"skip":true}},"branchMap":{"1":{"line":25,"type":"binary-expr","locations":[{"start":{"line":25,"column":23},"end":{"line":25,"column":62}},{"start":{"line":26,"column":20},"end":{"line":26,"column":70}},{"start":{"line":27,"column":20},"end":{"line":27,"column":71}},{"start":{"line":28,"column":20},"end":{"line":28,"column":29}}]},"2":{"line":30,"type":"binary-expr","locations":[{"start":{"line":30,"column":23},"end":{"line":30,"column":37}},{"start":{"line":31,"column":20},"end":{"line":31,"column":61}},{"start":{"line":32,"column":20},"end":{"line":32,"column":70}},{"start":{"line":33,"column":20},"end":{"line":33,"column":26}}]},"3":{"line":37,"type":"cond-expr","locations":[{"start":{"line":38,"column":14},"end":{"line":38,"column":20}},{"start":{"line":39,"column":14},"end":{"line":39,"column":20}}]},"4":{"line":40,"type":"switch","locations":[{"start":{"line":42,"column":8},"end":{"line":47,"column":18}},{"start":{"line":49,"column":8},"end":{"line":52,"column":18}}]},"5":{"line":44,"type":"binary-expr","locations":[{"start":{"line":44,"column":16},"end":{"line":44,"column":44}},{"start":{"line":44,"column":48},"end":{"line":44,"column":66}}]},"6":{"line":50,"type":"binary-expr","locations":[{"start":{"line":50,"column":21},"end":{"line":50,"column":49}},{"start":{"line":50,"column":53},"end":{"line":50,"column":72}}]},"7":{"line":64,"type":"switch","locations":[{"start":{"line":69,"column":4},"end":{"line":70,"column":14}},{"start":{"line":75,"column":4},"end":{"line":76,"column":14}}]},"8":{"line":85,"type":"switch","locations":[{"start":{"line":90,"column":4},"end":{"line":105,"column":14}},{"start":{"line":111,"column":4},"end":{"line":193,"column":14},"skip":true}]},"9":{"line":91,"type":"binary-expr","locations":[{"start":{"line":91,"column":42},"end":{"line":91,"column":73}},{"start":{"line":91,"column":77},"end":{"line":99,"column":9}}]},"10":{"line":102,"type":"binary-expr","locations":[{"start":{"line":102,"column":18},"end":{"line":102,"column":32}},{"start":{"line":103,"column":12},"end":{"line":103,"column":53}},{"start":{"line":104,"column":12},"end":{"line":104,"column":61}}]},"11":{"line":112,"type":"binary-expr","locations":[{"start":{"line":112,"column":45},"end":{"line":112,"column":79},"skip":true},{"start":{"line":112,"column":83},"end":{"line":121,"column":9},"skip":true}]},"12":{"line":123,"type":"binary-expr","locations":[{"start":{"line":123,"column":42},"end":{"line":123,"column":73},"skip":true},{"start":{"line":123,"column":77},"end":{"line":136,"column":9},"skip":true}]},"13":{"line":138,"type":"binary-expr","locations":[{"start":{"line":138,"column":48},"end":{"line":138,"column":85},"skip":true},{"start":{"line":139,"column":12},"end":{"line":145,"column":13},"skip":true}]},"14":{"line":147,"type":"binary-expr","locations":[{"start":{"line":147,"column":42},"end":{"line":147,"column":73},"skip":true},{"start":{"line":147,"column":77},"end":{"line":156,"column":9},"skip":true}]},"15":{"line":158,"type":"binary-expr","locations":[{"start":{"line":158,"column":45},"end":{"line":158,"column":79},"skip":true},{"start":{"line":158,"column":83},"end":{"line":167,"column":9},"skip":true}]},"16":{"line":169,"type":"binary-expr","locations":[{"start":{"line":169,"column":43},"end":{"line":169,"column":75},"skip":true},{"start":{"line":169,"column":79},"end":{"line":178,"column":9},"skip":true}]},"17":{"line":180,"type":"binary-expr","locations":[{"start":{"line":180,"column":41},"end":{"line":180,"column":71},"skip":true},{"start":{"line":180,"column":75},"end":{"line":189,"column":9},"skip":true}]}},"code":["/* istanbul instrument in package npmtest_stubby */","/*jslint","    bitwise: true,","    browser: true,","    maxerr: 8,","    maxlen: 96,","    node: true,","    nomen: true,","    regexp: true,","    stupid: true","*/","(function () {","    'use strict';","    var local;","","","","    // run shared js-env code - pre-init","    (function () {","        // init local","        local = {};","        // init modeJs","        local.modeJs = (function () {","            try {","                return typeof navigator.userAgent === 'string' &&","                    typeof document.querySelector('body') === 'object' &&","                    typeof XMLHttpRequest.prototype.open === 'function' &&","                    'browser';","            } catch (errorCaughtBrowser) {","                return module.exports &&","                    typeof process.versions.node === 'string' &&","                    typeof require('http').createServer === 'function' &&","                    'node';","            }","        }());","        // init global","        local.global = local.modeJs === 'browser'","            ? window","            : global;","        switch (local.modeJs) {","        // re-init local from window.local","        case 'browser':","            local = local.global.utility2.objectSetDefault(","                local.global.utility2_rollup || local.global.local,","                local.global.utility2","            );","            break;","        // re-init local from example.js","        case 'node':","            local = (local.global.utility2_rollup || require('utility2'))","                .requireReadme();","            break;","        }","        // export local","        local.global.local = local;","    }());","","","","    // run shared js-env code - function","    (function () {","        return;","    }());","    switch (local.modeJs) {","","","","    // run browser js-env code - function","    case 'browser':","        break;","","","","    // run node js-env code - function","    case 'node':","        break;","    }","","","","    // run shared js-env code - post-init","    (function () {","        return;","    }());","    switch (local.modeJs) {","","","","    // run browser js-env code - post-init","    case 'browser':","        local.testCase_browser_nullCase = local.testCase_browser_nullCase || function (","            options,","            onError","        ) {","        /*","         * this function will test browsers's null-case handling-behavior-behavior","         */","            onError(null, options);","        };","","        // run tests","        local.nop(local.modeTest &&","            document.querySelector('#testRunButton1') &&","            document.querySelector('#testRunButton1').click());","        break;","","","","    // run node js-env code - post-init","    /* istanbul ignore next */","    case 'node':","        local.testCase_buildApidoc_default = local.testCase_buildApidoc_default || function (","            options,","            onError","        ) {","        /*","         * this function will test buildApidoc's default handling-behavior-behavior","         */","            options = { modulePathList: module.paths };","            local.buildApidoc(options, onError);","        };","","        local.testCase_buildApp_default = local.testCase_buildApp_default || function (","            options,","            onError","        ) {","        /*","         * this function will test buildApp's default handling-behavior-behavior","         */","            local.testCase_buildReadme_default(options, local.onErrorThrow);","            local.testCase_buildLib_default(options, local.onErrorThrow);","            local.testCase_buildTest_default(options, local.onErrorThrow);","            local.testCase_buildCustomOrg_default(options, local.onErrorThrow);","            options = [];","            local.buildApp(options, onError);","        };","","        local.testCase_buildCustomOrg_default = local.testCase_buildCustomOrg_default ||","            function (options, onError) {","            /*","             * this function will test buildCustomOrg's default handling-behavior","             */","                options = {};","                local.buildCustomOrg(options, onError);","            };","","        local.testCase_buildLib_default = local.testCase_buildLib_default || function (","            options,","            onError","        ) {","        /*","         * this function will test buildLib's default handling-behavior","         */","            options = {};","            local.buildLib(options, onError);","        };","","        local.testCase_buildReadme_default = local.testCase_buildReadme_default || function (","            options,","            onError","        ) {","        /*","         * this function will test buildReadme's default handling-behavior-behavior","         */","            options = {};","            local.buildReadme(options, onError);","        };","","        local.testCase_buildTest_default = local.testCase_buildTest_default || function (","            options,","            onError","        ) {","        /*","         * this function will test buildTest's default handling-behavior","         */","            options = {};","            local.buildTest(options, onError);","        };","","        local.testCase_webpage_default = local.testCase_webpage_default || function (","            options,","            onError","        ) {","        /*","         * this function will test webpage's default handling-behavior","         */","            options = { modeCoverageMerge: true, url: local.serverLocalHost + '?modeTest=1' };","            local.browserTest(options, onError);","        };","","        // run test-server","        local.testRunServer(local);","        break;","    }","}());",""],"l":{"12":2,"14":2,"19":2,"21":2,"23":2,"24":2,"25":2,"30":1,"37":2,"40":2,"43":1,"47":1,"50":1,"52":1,"55":2,"61":2,"62":2,"64":2,"70":1,"76":1,"82":2,"83":2,"85":2,"91":1,"98":1,"102":1,"105":1,"112":1,"119":1,"120":1,"123":1,"130":1,"131":1,"132":1,"133":1,"134":1,"135":1,"138":1,"143":2,"144":2,"147":1,"154":2,"155":2,"158":1,"165":2,"166":2,"169":1,"176":2,"177":2,"180":1,"187":1,"188":1,"192":1,"193":1}},"/home/travis/build/npmtest/node-npmtest-stubby/lib.npmtest_stubby.js":{"path":"/home/travis/build/npmtest/node-npmtest-stubby/lib.npmtest_stubby.js","s":{"1":2,"2":2,"3":2,"4":2,"5":2,"6":2,"7":2,"8":1,"9":2,"10":2,"11":2,"12":2,"13":1,"14":1,"15":1,"16":1},"b":{"1":[2,1,1,1],"2":[1,1,1,1],"3":[1,1],"4":[2,2],"5":[1,1]},"f":{"1":2,"2":2,"3":2},"fnMap":{"1":{"name":"(anonymous_1)","line":12,"loc":{"start":{"line":12,"column":1},"end":{"line":12,"column":13}}},"2":{"name":"(anonymous_2)","line":19,"loc":{"start":{"line":19,"column":5},"end":{"line":19,"column":17}}},"3":{"name":"(anonymous_3)","line":23,"loc":{"start":{"line":23,"column":24},"end":{"line":23,"column":36}}}},"statementMap":{"1":{"start":{"line":12,"column":0},"end":{"line":53,"column":5}},"2":{"start":{"line":14,"column":4},"end":{"line":14,"column":14}},"3":{"start":{"line":19,"column":4},"end":{"line":52,"column":9}},"4":{"start":{"line":21,"column":8},"end":{"line":21,"column":19}},"5":{"start":{"line":23,"column":8},"end":{"line":35,"column":13}},"6":{"start":{"line":24,"column":12},"end":{"line":34,"column":13}},"7":{"start":{"line":25,"column":16},"end":{"line":28,"column":30}},"8":{"start":{"line":30,"column":16},"end":{"line":33,"column":27}},"9":{"start":{"line":37,"column":8},"end":{"line":39,"column":21}},"10":{"start":{"line":41,"column":8},"end":{"line":41,"column":54}},"11":{"start":{"line":43,"column":8},"end":{"line":43,"column":51}},"12":{"start":{"line":45,"column":8},"end":{"line":51,"column":9}},"13":{"start":{"line":46,"column":12},"end":{"line":46,"column":57}},"14":{"start":{"line":48,"column":12},"end":{"line":48,"column":35}},"15":{"start":{"line":49,"column":12},"end":{"line":49,"column":49}},"16":{"start":{"line":50,"column":12},"end":{"line":50,"column":43}}},"branchMap":{"1":{"line":25,"type":"binary-expr","locations":[{"start":{"line":25,"column":23},"end":{"line":25,"column":62}},{"start":{"line":26,"column":20},"end":{"line":26,"column":70}},{"start":{"line":27,"column":20},"end":{"line":27,"column":71}},{"start":{"line":28,"column":20},"end":{"line":28,"column":29}}]},"2":{"line":30,"type":"binary-expr","locations":[{"start":{"line":30,"column":23},"end":{"line":30,"column":37}},{"start":{"line":31,"column":20},"end":{"line":31,"column":61}},{"start":{"line":32,"column":20},"end":{"line":32,"column":70}},{"start":{"line":33,"column":20},"end":{"line":33,"column":26}}]},"3":{"line":37,"type":"cond-expr","locations":[{"start":{"line":38,"column":14},"end":{"line":38,"column":20}},{"start":{"line":39,"column":14},"end":{"line":39,"column":20}}]},"4":{"line":41,"type":"binary-expr","locations":[{"start":{"line":41,"column":16},"end":{"line":41,"column":44}},{"start":{"line":41,"column":48},"end":{"line":41,"column":53}}]},"5":{"line":45,"type":"if","locations":[{"start":{"line":45,"column":8},"end":{"line":45,"column":8}},{"start":{"line":45,"column":8},"end":{"line":45,"column":8}}]}},"code":["/* istanbul instrument in package npmtest_stubby */","/*jslint","    bitwise: true,","    browser: true,","    maxerr: 8,","    maxlen: 96,","    node: true,","    nomen: true,","    regexp: true,","    stupid: true","*/","(function () {","    'use strict';","    var local;","","","","    // run shared js-env code - pre-init","    (function () {","        // init local","        local = {};","        // init modeJs","        local.modeJs = (function () {","            try {","                return typeof navigator.userAgent === 'string' &&","                    typeof document.querySelector('body') === 'object' &&","                    typeof XMLHttpRequest.prototype.open === 'function' &&","                    'browser';","            } catch (errorCaughtBrowser) {","                return module.exports &&","                    typeof process.versions.node === 'string' &&","                    typeof require('http').createServer === 'function' &&","                    'node';","            }","        }());","        // init global","        local.global = local.modeJs === 'browser'","            ? window","            : global;","        // init utility2_rollup","        local = local.global.utility2_rollup || local;","        // init lib","        local.local = local.npmtest_stubby = local;","        // init exports","        if (local.modeJs === 'browser') {","            local.global.utility2_npmtest_stubby = local;","        } else {","            module.exports = local;","            module.exports.__dirname = __dirname;","            module.exports.module = module;","        }","    }());","}());",""],"l":{"12":2,"14":2,"19":2,"21":2,"23":2,"24":2,"25":2,"30":1,"37":2,"41":2,"43":2,"45":2,"46":1,"48":1,"49":1,"50":1}},"/home/travis/build/npmtest/node-npmtest-stubby/example.js":{"path":"/home/travis/build/npmtest/node-npmtest-stubby/example.js","s":{"1":2,"2":2,"3":2,"4":2,"5":2,"6":2,"7":2,"8":1,"9":2,"10":2,"11":2,"12":2,"13":1,"14":2,"15":2,"16":2,"17":2,"18":2,"19":0,"20":2,"21":1,"22":1,"23":1,"24":1,"25":1,"26":0,"27":0,"28":1,"29":1,"30":2,"31":0,"32":0,"33":0,"34":1,"35":2,"36":2,"37":3,"38":3,"39":3,"40":3,"41":0,"42":3,"43":3,"44":3,"45":1,"46":3,"47":1,"48":1,"49":1,"50":1,"51":1,"52":1,"53":1,"54":1,"55":1,"56":1,"57":0,"58":1,"59":6,"60":6,"61":1,"62":2,"63":0,"64":2,"65":1,"66":1,"67":0,"68":0,"69":0,"70":0,"71":0,"72":0,"73":0,"74":0,"75":0,"76":0,"77":0,"78":0,"79":0,"80":0,"81":0,"82":0,"83":0},"b":{"1":[2,1,1,1],"2":[1,1,1,1],"3":[1,1],"4":[2,2],"5":[1,1],"6":[1,1],"7":[2,0],"8":[2,1,1,1,1,1],"9":[0,2,0],"10":[1,1],"11":[2,1,1],"12":[1,0],"13":[0,2],"14":[2,0,0,0,0,0,0],"15":[0,3],"16":[3,0],"17":[1,1],"18":[0,1],"19":[1,2,0,2],"20":[1,0],"21":[1,1],"22":[0,0],"23":[0,0],"24":[0,0],"25":[0,0],"26":[0,0],"27":[0,0],"28":[0,0]},"f":{"1":2,"2":2,"3":2,"4":2,"5":2,"6":2,"7":3,"8":3,"9":3,"10":1,"11":6,"12":0},"fnMap":{"1":{"name":"(anonymous_1)","line":26,"loc":{"start":{"line":26,"column":1},"end":{"line":26,"column":13}}},"2":{"name":"(anonymous_2)","line":33,"loc":{"start":{"line":33,"column":5},"end":{"line":33,"column":17}}},"3":{"name":"(anonymous_3)","line":37,"loc":{"start":{"line":37,"column":24},"end":{"line":37,"column":36}}},"4":{"name":"(anonymous_4)","line":69,"loc":{"start":{"line":69,"column":31},"end":{"line":69,"column":48}},"skip":true},"5":{"name":"(anonymous_5)","line":78,"loc":{"start":{"line":78,"column":26},"end":{"line":78,"column":45}},"skip":true},"6":{"name":"(anonymous_6)","line":123,"loc":{"start":{"line":123,"column":33},"end":{"line":123,"column":48}},"skip":true},"7":{"name":"(anonymous_7)","line":125,"loc":{"start":{"line":125,"column":27},"end":{"line":125,"column":39}},"skip":true},"8":{"name":"(anonymous_8)","line":133,"loc":{"start":{"line":133,"column":59},"end":{"line":133,"column":74}},"skip":true},"9":{"name":"(anonymous_9)","line":143,"loc":{"start":{"line":143,"column":45},"end":{"line":143,"column":62}},"skip":true},"10":{"name":"(anonymous_10)","line":144,"loc":{"start":{"line":144,"column":73},"end":{"line":144,"column":92}},"skip":true},"11":{"name":"(anonymous_11)","line":272,"loc":{"start":{"line":272,"column":51},"end":{"line":272,"column":77}},"skip":true},"12":{"name":"(anonymous_12)","line":315,"loc":{"start":{"line":315,"column":32},"end":{"line":315,"column":61}},"skip":true}},"statementMap":{"1":{"start":{"line":26,"column":0},"end":{"line":326,"column":5}},"2":{"start":{"line":28,"column":4},"end":{"line":28,"column":14}},"3":{"start":{"line":33,"column":4},"end":{"line":60,"column":9}},"4":{"start":{"line":35,"column":8},"end":{"line":35,"column":19}},"5":{"start":{"line":37,"column":8},"end":{"line":49,"column":13}},"6":{"start":{"line":38,"column":12},"end":{"line":48,"column":13}},"7":{"start":{"line":39,"column":16},"end":{"line":42,"column":30}},"8":{"start":{"line":44,"column":16},"end":{"line":47,"column":27}},"9":{"start":{"line":51,"column":8},"end":{"line":53,"column":21}},"10":{"start":{"line":55,"column":8},"end":{"line":57,"column":45}},"11":{"start":{"line":59,"column":8},"end":{"line":59,"column":35}},"12":{"start":{"line":61,"column":4},"end":{"line":325,"column":5}},"13":{"start":{"line":69,"column":8},"end":{"line":121,"column":10},"skip":true},"14":{"start":{"line":70,"column":12},"end":{"line":88,"column":13},"skip":true},"15":{"start":{"line":76,"column":16},"end":{"line":87,"column":19},"skip":true},"16":{"start":{"line":79,"column":20},"end":{"line":86,"column":21},"skip":true},"17":{"start":{"line":82,"column":24},"end":{"line":82,"column":43},"skip":true},"18":{"start":{"line":83,"column":24},"end":{"line":83,"column":30},"skip":true},"19":{"start":{"line":85,"column":24},"end":{"line":85,"column":49},"skip":true},"20":{"start":{"line":89,"column":12},"end":{"line":107,"column":13},"skip":true},"21":{"start":{"line":92,"column":16},"end":{"line":102,"column":17},"skip":true},"22":{"start":{"line":93,"column":20},"end":{"line":93,"column":86},"skip":true},"23":{"start":{"line":94,"column":20},"end":{"line":95,"column":45},"skip":true},"24":{"start":{"line":96,"column":20},"end":{"line":96,"column":42},"skip":true},"25":{"start":{"line":97,"column":20},"end":{"line":97,"column":48},"skip":true},"26":{"start":{"line":100,"column":20},"end":{"line":100,"column":85},"skip":true},"27":{"start":{"line":101,"column":20},"end":{"line":101,"column":96},"skip":true},"28":{"start":{"line":103,"column":16},"end":{"line":103,"column":22},"skip":true},"29":{"start":{"line":106,"column":16},"end":{"line":106,"column":22},"skip":true},"30":{"start":{"line":108,"column":12},"end":{"line":120,"column":13},"skip":true},"31":{"start":{"line":114,"column":16},"end":{"line":119,"column":17},"skip":true},"32":{"start":{"line":116,"column":20},"end":{"line":116,"column":78},"skip":true},"33":{"start":{"line":118,"column":20},"end":{"line":118,"column":47},"skip":true},"34":{"start":{"line":123,"column":8},"end":{"line":141,"column":11},"skip":true},"35":{"start":{"line":124,"column":12},"end":{"line":124,"column":54},"skip":true},"36":{"start":{"line":125,"column":12},"end":{"line":140,"column":14},"skip":true},"37":{"start":{"line":126,"column":16},"end":{"line":126,"column":28},"skip":true},"38":{"start":{"line":127,"column":16},"end":{"line":127,"column":69},"skip":true},"39":{"start":{"line":128,"column":16},"end":{"line":128,"column":75},"skip":true},"40":{"start":{"line":129,"column":16},"end":{"line":131,"column":17},"skip":true},"41":{"start":{"line":130,"column":20},"end":{"line":130,"column":27},"skip":true},"42":{"start":{"line":133,"column":16},"end":{"line":137,"column":36},"skip":true},"43":{"start":{"line":134,"column":20},"end":{"line":136,"column":55},"skip":true},"44":{"start":{"line":139,"column":16},"end":{"line":139,"column":57},"skip":true},"45":{"start":{"line":143,"column":8},"end":{"line":147,"column":11},"skip":true},"46":{"start":{"line":144,"column":12},"end":{"line":146,"column":15},"skip":true},"47":{"start":{"line":145,"column":16},"end":{"line":145,"column":70},"skip":true},"48":{"start":{"line":149,"column":8},"end":{"line":149,"column":31},"skip":true},"49":{"start":{"line":150,"column":8},"end":{"line":150,"column":14},"skip":true},"50":{"start":{"line":158,"column":8},"end":{"line":158,"column":31},"skip":true},"51":{"start":{"line":160,"column":8},"end":{"line":160,"column":33},"skip":true},"52":{"start":{"line":161,"column":8},"end":{"line":161,"column":37},"skip":true},"53":{"start":{"line":162,"column":8},"end":{"line":162,"column":35},"skip":true},"54":{"start":{"line":164,"column":8},"end":{"line":164,"column":50},"skip":true},"55":{"start":{"line":166,"column":8},"end":{"line":256,"column":2},"skip":true},"56":{"start":{"line":258,"column":8},"end":{"line":286,"column":9},"skip":true},"57":{"start":{"line":259,"column":12},"end":{"line":269,"column":14},"skip":true},"58":{"start":{"line":271,"column":12},"end":{"line":285,"column":19},"skip":true},"59":{"start":{"line":274,"column":20},"end":{"line":274,"column":35},"skip":true},"60":{"start":{"line":275,"column":20},"end":{"line":284,"column":21},"skip":true},"61":{"start":{"line":277,"column":24},"end":{"line":277,"column":64},"skip":true},"62":{"start":{"line":279,"column":24},"end":{"line":279,"column":40},"skip":true},"63":{"start":{"line":281,"column":24},"end":{"line":281,"column":40},"skip":true},"64":{"start":{"line":283,"column":24},"end":{"line":283,"column":39},"skip":true},"65":{"start":{"line":288,"column":8},"end":{"line":290,"column":9},"skip":true},"66":{"start":{"line":289,"column":12},"end":{"line":289,"column":18},"skip":true},"67":{"start":{"line":291,"column":8},"end":{"line":293,"column":54},"skip":true},"68":{"start":{"line":296,"column":8},"end":{"line":301,"column":37},"skip":true},"69":{"start":{"line":303,"column":8},"end":{"line":303,"column":82},"skip":true},"70":{"start":{"line":306,"column":8},"end":{"line":308,"column":9},"skip":true},"71":{"start":{"line":307,"column":12},"end":{"line":307,"column":82},"skip":true},"72":{"start":{"line":310,"column":8},"end":{"line":312,"column":9},"skip":true},"73":{"start":{"line":311,"column":12},"end":{"line":311,"column":18},"skip":true},"74":{"start":{"line":313,"column":8},"end":{"line":313,"column":54},"skip":true},"75":{"start":{"line":314,"column":8},"end":{"line":314,"column":69},"skip":true},"76":{"start":{"line":315,"column":8},"end":{"line":323,"column":36},"skip":true},"77":{"start":{"line":316,"column":12},"end":{"line":316,"column":61},"skip":true},"78":{"start":{"line":317,"column":12},"end":{"line":320,"column":13},"skip":true},"79":{"start":{"line":318,"column":16},"end":{"line":318,"column":75},"skip":true},"80":{"start":{"line":319,"column":16},"end":{"line":319,"column":23},"skip":true},"81":{"start":{"line":321,"column":12},"end":{"line":321,"column":38},"skip":true},"82":{"start":{"line":322,"column":12},"end":{"line":322,"column":27},"skip":true},"83":{"start":{"line":324,"column":8},"end":{"line":324,"column":14},"skip":true}},"branchMap":{"1":{"line":39,"type":"binary-expr","locations":[{"start":{"line":39,"column":23},"end":{"line":39,"column":62}},{"start":{"line":40,"column":20},"end":{"line":40,"column":70}},{"start":{"line":41,"column":20},"end":{"line":41,"column":71}},{"start":{"line":42,"column":20},"end":{"line":42,"column":29}}]},"2":{"line":44,"type":"binary-expr","locations":[{"start":{"line":44,"column":23},"end":{"line":44,"column":37}},{"start":{"line":45,"column":20},"end":{"line":45,"column":61}},{"start":{"line":46,"column":20},"end":{"line":46,"column":70}},{"start":{"line":47,"column":20},"end":{"line":47,"column":26}}]},"3":{"line":51,"type":"cond-expr","locations":[{"start":{"line":52,"column":14},"end":{"line":52,"column":20}},{"start":{"line":53,"column":14},"end":{"line":53,"column":20}}]},"4":{"line":55,"type":"binary-expr","locations":[{"start":{"line":55,"column":16},"end":{"line":55,"column":44}},{"start":{"line":55,"column":49},"end":{"line":57,"column":43}}]},"5":{"line":55,"type":"cond-expr","locations":[{"start":{"line":56,"column":14},"end":{"line":56,"column":50}},{"start":{"line":57,"column":14},"end":{"line":57,"column":43}}]},"6":{"line":61,"type":"switch","locations":[{"start":{"line":68,"column":4},"end":{"line":150,"column":14},"skip":true},{"start":{"line":156,"column":4},"end":{"line":324,"column":14},"skip":true}]},"7":{"line":70,"type":"if","locations":[{"start":{"line":70,"column":12},"end":{"line":70,"column":12},"skip":true},{"start":{"line":70,"column":12},"end":{"line":70,"column":12},"skip":true}]},"8":{"line":70,"type":"binary-expr","locations":[{"start":{"line":70,"column":16},"end":{"line":70,"column":22},"skip":true},{"start":{"line":70,"column":27},"end":{"line":70,"column":32},"skip":true},{"start":{"line":71,"column":20},"end":{"line":71,"column":39},"skip":true},{"start":{"line":72,"column":20},"end":{"line":72,"column":49},"skip":true},{"start":{"line":73,"column":20},"end":{"line":73,"column":58},"skip":true},{"start":{"line":74,"column":20},"end":{"line":74,"column":69},"skip":true}]},"9":{"line":79,"type":"switch","locations":[{"start":{"line":80,"column":20},"end":{"line":80,"column":33},"skip":true},{"start":{"line":81,"column":20},"end":{"line":83,"column":30},"skip":true},{"start":{"line":84,"column":20},"end":{"line":85,"column":49},"skip":true}]},"10":{"line":89,"type":"switch","locations":[{"start":{"line":90,"column":12},"end":{"line":103,"column":22},"skip":true},{"start":{"line":105,"column":12},"end":{"line":106,"column":22},"skip":true}]},"11":{"line":89,"type":"binary-expr","locations":[{"start":{"line":89,"column":20},"end":{"line":89,"column":25},"skip":true},{"start":{"line":89,"column":29},"end":{"line":89,"column":48},"skip":true},{"start":{"line":89,"column":52},"end":{"line":89,"column":74},"skip":true}]},"12":{"line":92,"type":"if","locations":[{"start":{"line":92,"column":16},"end":{"line":92,"column":16},"skip":true},{"start":{"line":92,"column":16},"end":{"line":92,"column":16},"skip":true}]},"13":{"line":108,"type":"if","locations":[{"start":{"line":108,"column":12},"end":{"line":108,"column":12},"skip":true},{"start":{"line":108,"column":12},"end":{"line":108,"column":12},"skip":true}]},"14":{"line":108,"type":"binary-expr","locations":[{"start":{"line":108,"column":16},"end":{"line":108,"column":61},"skip":true},{"start":{"line":108,"column":66},"end":{"line":108,"column":72},"skip":true},{"start":{"line":108,"column":77},"end":{"line":108,"column":82},"skip":true},{"start":{"line":109,"column":20},"end":{"line":109,"column":39},"skip":true},{"start":{"line":110,"column":20},"end":{"line":110,"column":49},"skip":true},{"start":{"line":111,"column":20},"end":{"line":111,"column":58},"skip":true},{"start":{"line":112,"column":20},"end":{"line":112,"column":68},"skip":true}]},"15":{"line":129,"type":"if","locations":[{"start":{"line":129,"column":16},"end":{"line":129,"column":16},"skip":true},{"start":{"line":129,"column":16},"end":{"line":129,"column":16},"skip":true}]},"16":{"line":134,"type":"cond-expr","locations":[{"start":{"line":135,"column":26},"end":{"line":135,"column":29},"skip":true},{"start":{"line":136,"column":26},"end":{"line":136,"column":54},"skip":true}]},"17":{"line":164,"type":"binary-expr","locations":[{"start":{"line":164,"column":27},"end":{"line":164,"column":43},"skip":true},{"start":{"line":164,"column":47},"end":{"line":164,"column":49},"skip":true}]},"18":{"line":258,"type":"if","locations":[{"start":{"line":258,"column":8},"end":{"line":258,"column":8},"skip":true},{"start":{"line":258,"column":8},"end":{"line":258,"column":8},"skip":true}]},"19":{"line":275,"type":"switch","locations":[{"start":{"line":276,"column":20},"end":{"line":277,"column":64},"skip":true},{"start":{"line":278,"column":20},"end":{"line":279,"column":40},"skip":true},{"start":{"line":280,"column":20},"end":{"line":281,"column":40},"skip":true},{"start":{"line":282,"column":20},"end":{"line":283,"column":39},"skip":true}]},"20":{"line":288,"type":"if","locations":[{"start":{"line":288,"column":8},"end":{"line":288,"column":8},"skip":true},{"start":{"line":288,"column":8},"end":{"line":288,"column":8},"skip":true}]},"21":{"line":288,"type":"binary-expr","locations":[{"start":{"line":288,"column":12},"end":{"line":288,"column":40},"skip":true},{"start":{"line":288,"column":44},"end":{"line":288,"column":67},"skip":true}]},"22":{"line":292,"type":"binary-expr","locations":[{"start":{"line":292,"column":12},"end":{"line":292,"column":50},"skip":true},{"start":{"line":293,"column":12},"end":{"line":293,"column":53},"skip":true}]},"23":{"line":297,"type":"binary-expr","locations":[{"start":{"line":297,"column":12},"end":{"line":297,"column":64},"skip":true},{"start":{"line":298,"column":12},"end":{"line":301,"column":36},"skip":true}]},"24":{"line":303,"type":"binary-expr","locations":[{"start":{"line":303,"column":43},"end":{"line":303,"column":75},"skip":true},{"start":{"line":303,"column":79},"end":{"line":303,"column":81},"skip":true}]},"25":{"line":306,"type":"if","locations":[{"start":{"line":306,"column":8},"end":{"line":306,"column":8},"skip":true},{"start":{"line":306,"column":8},"end":{"line":306,"column":8},"skip":true}]},"26":{"line":310,"type":"if","locations":[{"start":{"line":310,"column":8},"end":{"line":310,"column":8},"skip":true},{"start":{"line":310,"column":8},"end":{"line":310,"column":8},"skip":true}]},"27":{"line":313,"type":"binary-expr","locations":[{"start":{"line":313,"column":27},"end":{"line":313,"column":43},"skip":true},{"start":{"line":313,"column":47},"end":{"line":313,"column":53},"skip":true}]},"28":{"line":317,"type":"if","locations":[{"start":{"line":317,"column":12},"end":{"line":317,"column":12},"skip":true},{"start":{"line":317,"column":12},"end":{"line":317,"column":12},"skip":true}]}},"code":["/*","example.js","","quickstart example","","instruction","    1. save this script as example.js","    2. run the shell command:","        $ npm install npmtest-stubby && PORT=8081 node example.js","    3. play with the browser-demo on http://127.0.0.1:8081","*/","","","","/* istanbul instrument in package npmtest_stubby */","/*jslint","    bitwise: true,","    browser: true,","    maxerr: 8,","    maxlen: 96,","    node: true,","    nomen: true,","    regexp: true,","    stupid: true","*/","(function () {","    'use strict';","    var local;","","","","    // run shared js-env code - pre-init","    (function () {","        // init local","        local = {};","        // init modeJs","        local.modeJs = (function () {","            try {","                return typeof navigator.userAgent === 'string' &&","                    typeof document.querySelector('body') === 'object' &&","                    typeof XMLHttpRequest.prototype.open === 'function' &&","                    'browser';","            } catch (errorCaughtBrowser) {","                return module.exports &&","                    typeof process.versions.node === 'string' &&","                    typeof require('http').createServer === 'function' &&","                    'node';","            }","        }());","        // init global","        local.global = local.modeJs === 'browser'","            ? window","            : global;","        // init utility2_rollup","        local = local.global.utility2_rollup || (local.modeJs === 'browser'","            ? local.global.utility2_npmtest_stubby","            : global.utility2_moduleExports);","        // export local","        local.global.local = local;","    }());","    switch (local.modeJs) {","","","","    // post-init","    // run browser js-env code - post-init","    /* istanbul ignore next */","    case 'browser':","        local.testRunBrowser = function (event) {","            if (!event || (event &&","                    event.currentTarget &&","                    event.currentTarget.className &&","                    event.currentTarget.className.includes &&","                    event.currentTarget.className.includes('onreset'))) {","                // reset output","                Array.from(","                    document.querySelectorAll('body > .resettable')","                ).forEach(function (element) {","                    switch (element.tagName) {","                    case 'INPUT':","                    case 'TEXTAREA':","                        element.value = '';","                        break;","                    default:","                        element.textContent = '';","                    }","                });","            }","            switch (event && event.currentTarget && event.currentTarget.id) {","            case 'testRunButton1':","                // show tests","                if (document.querySelector('#testReportDiv1').style.display === 'none') {","                    document.querySelector('#testReportDiv1').style.display = 'block';","                    document.querySelector('#testRunButton1').textContent =","                        'hide internal test';","                    local.modeTest = true;","                    local.testRunDefault(local);","                // hide tests","                } else {","                    document.querySelector('#testReportDiv1').style.display = 'none';","                    document.querySelector('#testRunButton1').textContent = 'run internal test';","                }","                break;","            // custom-case","            default:","                break;","            }","            if (document.querySelector('#inputTextareaEval1') && (!event || (event &&","                    event.currentTarget &&","                    event.currentTarget.className &&","                    event.currentTarget.className.includes &&","                    event.currentTarget.className.includes('oneval')))) {","                // try to eval input-code","                try {","                    /*jslint evil: true*/","                    eval(document.querySelector('#inputTextareaEval1').value);","                } catch (errorCaught) {","                    console.error(errorCaught);","                }","            }","        };","        // log stderr and stdout to #outputTextareaStdout1","        ['error', 'log'].forEach(function (key) {","            console[key + '_original'] = console[key];","            console[key] = function () {","                var element;","                console[key + '_original'].apply(console, arguments);","                element = document.querySelector('#outputTextareaStdout1');","                if (!element) {","                    return;","                }","                // append text to #outputTextareaStdout1","                element.value += Array.from(arguments).map(function (arg) {","                    return typeof arg === 'string'","                        ? arg","                        : JSON.stringify(arg, null, 4);","                }).join(' ') + '\\n';","                // scroll textarea to bottom","                element.scrollTop = element.scrollHeight;","            };","        });","        // init event-handling","        ['change', 'click', 'keyup'].forEach(function (event) {","            Array.from(document.querySelectorAll('.on' + event)).forEach(function (element) {","                element.addEventListener(event, local.testRunBrowser);","            });","        });","        // run tests","        local.testRunBrowser();","        break;","","","","    // run node js-env code - post-init","    /* istanbul ignore next */","    case 'node':","        // export local","        module.exports = local;","        // require modules","        local.fs = require('fs');","        local.http = require('http');","        local.url = require('url');","        // init assets","        local.assetsDict = local.assetsDict || {};","        /* jslint-ignore-begin */","        local.assetsDict['/assets.index.template.html'] = '\\","<!doctype html>\\n\\","<html lang=\"en\">\\n\\","<head>\\n\\","<meta charset=\"UTF-8\">\\n\\","<meta name=\"viewport\" content=\"width=device-width, initial-scale=1\">\\n\\","<title>{{env.npm_package_name}} (v{{env.npm_package_version}})</title>\\n\\","<style>\\n\\","/*csslint\\n\\","    box-sizing: false,\\n\\","    universal-selector: false\\n\\","*/\\n\\","* {\\n\\","    box-sizing: border-box;\\n\\","}\\n\\","body {\\n\\","    background: #dde;\\n\\","    font-family: Arial, Helvetica, sans-serif;\\n\\","    margin: 2rem;\\n\\","}\\n\\","body > * {\\n\\","    margin-bottom: 1rem;\\n\\","}\\n\\",".utility2FooterDiv {\\n\\","    margin-top: 20px;\\n\\","    text-align: center;\\n\\","}\\n\\","</style>\\n\\","<style>\\n\\","/*csslint\\n\\","*/\\n\\","textarea {\\n\\","    font-family: monospace;\\n\\","    height: 10rem;\\n\\","    width: 100%;\\n\\","}\\n\\","textarea[readonly] {\\n\\","    background: #ddd;\\n\\","}\\n\\","</style>\\n\\","</head>\\n\\","<body>\\n\\","<!-- utility2-comment\\n\\","<div id=\"ajaxProgressDiv1\" style=\"background: #d00; height: 2px; left: 0; margin: 0; padding: 0; position: fixed; top: 0; transition: background 0.5s, width 1.5s; width: 25%;\"></div>\\n\\","utility2-comment -->\\n\\","<h1>\\n\\","<!-- utility2-comment\\n\\","    <a\\n\\","        {{#if env.npm_package_homepage}}\\n\\","        href=\"{{env.npm_package_homepage}}\"\\n\\","        {{/if env.npm_package_homepage}}\\n\\","        target=\"_blank\"\\n\\","    >\\n\\","utility2-comment -->\\n\\","        {{env.npm_package_name}} (v{{env.npm_package_version}})\\n\\","<!-- utility2-comment\\n\\","    </a>\\n\\","utility2-comment -->\\n\\","</h1>\\n\\","<h3>{{env.npm_package_description}}</h3>\\n\\","<!-- utility2-comment\\n\\","<h4><a download href=\"assets.app.js\">download standalone app</a></h4>\\n\\","<button class=\"onclick onreset\" id=\"testRunButton1\">run internal test</button><br>\\n\\","<div id=\"testReportDiv1\" style=\"display: none;\"></div>\\n\\","utility2-comment -->\\n\\","\\n\\","\\n\\","\\n\\","<label>stderr and stdout</label>\\n\\","<textarea class=\"resettable\" id=\"outputTextareaStdout1\" readonly></textarea>\\n\\","<!-- utility2-comment\\n\\","{{#if isRollup}}\\n\\","<script src=\"assets.app.js\"></script>\\n\\","{{#unless isRollup}}\\n\\","utility2-comment -->\\n\\","<script src=\"assets.utility2.rollup.js\"></script>\\n\\","<script src=\"jsonp.utility2._stateInit?callback=window.utility2._stateInit\"></script>\\n\\","<script src=\"assets.npmtest_stubby.rollup.js\"></script>\\n\\","<script src=\"assets.example.js\"></script>\\n\\","<script src=\"assets.test.js\"></script>\\n\\","<!-- utility2-comment\\n\\","{{/if isRollup}}\\n\\","utility2-comment -->\\n\\","<div class=\"utility2FooterDiv\">\\n\\","    [ this app was created with\\n\\","    <a href=\"https://github.com/kaizhu256/node-utility2\" target=\"_blank\">utility2</a>\\n\\","    ]\\n\\","</div>\\n\\","</body>\\n\\","</html>\\n\\","';","        /* jslint-ignore-end */","        if (local.templateRender) {","            local.assetsDict['/'] = local.templateRender(","                local.assetsDict['/assets.index.template.html'],","                {","                    env: local.objectSetDefault(local.env, {","                        npm_package_description: 'the greatest app in the world!',","                        npm_package_name: 'my-app',","                        npm_package_nameAlias: 'my_app',","                        npm_package_version: '0.0.1'","                    })","                }","            );","        } else {","            local.assetsDict['/'] = local.assetsDict['/assets.index.template.html']","                .replace((/\\{\\{env\\.(\\w+?)\\}\\}/g), function (match0, match1) {","                    // jslint-hack","                    String(match0);","                    switch (match1) {","                    case 'npm_package_description':","                        return 'the greatest app in the world!';","                    case 'npm_package_name':","                        return 'my-app';","                    case 'npm_package_nameAlias':","                        return 'my_app';","                    case 'npm_package_version':","                        return '0.0.1';","                    }","                });","        }","        // run the cli","        if (local.global.utility2_rollup || module !== require.main) {","            break;","        }","        local.assetsDict['/assets.example.js'] =","            local.assetsDict['/assets.example.js'] ||","            local.fs.readFileSync(__filename, 'utf8');","        // bug-workaround - long $npm_package_buildCustomOrg","        /* jslint-ignore-begin */","        local.assetsDict['/assets.npmtest_stubby.rollup.js'] =","            local.assetsDict['/assets.npmtest_stubby.rollup.js'] ||","            local.fs.readFileSync(","                local.npmtest_stubby.__dirname + '/lib.npmtest_stubby.js',","                'utf8'","            ).replace((/^#!/), '//');","        /* jslint-ignore-end */","        local.assetsDict['/favicon.ico'] = local.assetsDict['/favicon.ico'] || '';","        // if $npm_config_timeout_exit exists,","        // then exit this process after $npm_config_timeout_exit ms","        if (Number(process.env.npm_config_timeout_exit)) {","            setTimeout(process.exit, Number(process.env.npm_config_timeout_exit));","        }","        // start server","        if (local.global.utility2_serverHttp1) {","            break;","        }","        process.env.PORT = process.env.PORT || '8081';","        console.error('server starting on port ' + process.env.PORT);","        local.http.createServer(function (request, response) {","            request.urlParsed = local.url.parse(request.url);","            if (local.assetsDict[request.urlParsed.pathname] !== undefined) {","                response.end(local.assetsDict[request.urlParsed.pathname]);","                return;","            }","            response.statusCode = 404;","            response.end();","        }).listen(process.env.PORT);","        break;","    }","}());",""],"l":{"26":2,"28":2,"33":2,"35":2,"37":2,"38":2,"39":2,"44":1,"51":2,"55":2,"59":2,"61":2,"69":1,"70":2,"76":2,"79":2,"82":2,"83":2,"85":1,"89":2,"92":1,"93":1,"94":1,"96":1,"97":1,"100":1,"101":1,"103":1,"106":1,"108":2,"114":1,"116":1,"118":1,"123":1,"124":2,"125":2,"126":3,"127":3,"128":3,"129":3,"130":1,"133":3,"134":3,"139":3,"143":1,"144":3,"145":1,"149":1,"150":1,"158":1,"160":1,"161":1,"162":1,"164":1,"166":1,"258":1,"259":1,"271":1,"274":6,"275":6,"277":1,"279":2,"281":1,"283":2,"288":1,"289":1,"291":1,"296":1,"303":1,"306":1,"307":1,"310":1,"311":1,"313":1,"314":1,"315":1,"316":1,"317":1,"318":1,"319":1,"321":1,"322":1,"324":1}},"/home/travis/build/npmtest/node-npmtest-stubby/node_modules/stubby/src/main.js":{"path":"/home/travis/build/npmtest/node-npmtest-stubby/node_modules/stubby/src/main.js","s":{"1":1,"2":1,"3":1,"4":1,"5":1,"6":1,"7":1,"8":1,"9":1,"10":1,"11":1,"12":1,"13":1,"14":0,"15":0,"16":0,"17":1,"18":0,"19":0,"20":0,"21":0,"22":0,"23":0,"24":0,"25":0,"26":0,"27":0,"28":0,"29":0,"30":1,"31":0,"32":1,"33":0,"34":0,"35":0,"36":0,"37":0,"38":0,"39":0,"40":0,"41":0,"42":0,"43":0,"44":0,"45":0,"46":0,"47":1,"48":0,"49":0,"50":0,"51":0,"52":0,"53":0,"54":0,"55":1,"56":0,"57":0,"58":0,"59":0,"60":1,"61":0,"62":0,"63":0,"64":0,"65":0,"66":0,"67":0,"68":0,"69":0,"70":0,"71":0,"72":0,"73":0,"74":0,"75":0,"76":0,"77":0,"78":0,"79":0,"80":0,"81":0,"82":0,"83":0,"84":0,"85":0,"86":0,"87":0,"88":0,"89":0,"90":0,"91":0,"92":0,"93":0,"94":1,"95":0,"96":0,"97":0,"98":0,"99":0,"100":0,"101":0,"102":0,"103":0,"104":0,"105":0,"106":0,"107":0,"108":0,"109":0,"110":0,"111":1,"112":0,"113":0,"114":0,"115":0,"116":0,"117":0,"118":0,"119":1,"120":0,"121":0,"122":0,"123":0,"124":0,"125":0,"126":0,"127":0,"128":0,"129":1,"130":0,"131":0,"132":0,"133":0,"134":0,"135":0,"136":0,"137":1,"138":0,"139":0,"140":0,"141":0,"142":0,"143":0,"144":0,"145":0,"146":0,"147":0,"148":0,"149":1},"b":{"1":[0,0],"2":[0,0,0,0],"3":[0,0],"4":[0,0],"5":[0,0],"6":[0,0],"7":[0,0],"8":[0,0],"9":[0,0],"10":[0,0],"11":[0,0],"12":[0,0],"13":[0,0],"14":[0,0],"15":[0,0],"16":[0,0],"17":[0,0],"18":[0,0],"19":[0,0],"20":[0,0],"21":[0,0],"22":[0,0],"23":[0,0],"24":[0,0],"25":[0,0],"26":[0,0],"27":[0,0],"28":[0,0],"29":[0,0],"30":[0,0],"31":[0,0],"32":[0,0]},"f":{"1":0,"2":0,"3":0,"4":0,"5":0,"6":0,"7":0,"8":0,"9":0,"10":0,"11":0,"12":0,"13":0,"14":0,"15":0,"16":0,"17":0,"18":0,"19":0,"20":0,"21":0,"22":0,"23":0,"24":0,"25":0,"26":0,"27":0,"28":0},"fnMap":{"1":{"name":"noop","line":15,"loc":{"start":{"line":15,"column":0},"end":{"line":15,"column":16}}},"2":{"name":"onListening","line":17,"loc":{"start":{"line":17,"column":0},"end":{"line":17,"column":55}}},"3":{"name":"onError","line":22,"loc":{"start":{"line":22,"column":0},"end":{"line":22,"column":38}}},"4":{"name":"onEndpointLoaded","line":43,"loc":{"start":{"line":43,"column":0},"end":{"line":43,"column":41}}},"5":{"name":"setupStartOptions","line":47,"loc":{"start":{"line":47,"column":0},"end":{"line":47,"column":46}}},"6":{"name":"createHttpsOptions","line":71,"loc":{"start":{"line":71,"column":0},"end":{"line":71,"column":37}}},"7":{"name":"Stubby","line":84,"loc":{"start":{"line":84,"column":0},"end":{"line":84,"column":18}}},"8":{"name":"(anonymous_8)","line":91,"loc":{"start":{"line":91,"column":25},"end":{"line":91,"column":42}}},"9":{"name":"(anonymous_9)","line":97,"loc":{"start":{"line":97,"column":12},"end":{"line":97,"column":24}}},"10":{"name":"(anonymous_10)","line":106,"loc":{"start":{"line":106,"column":35},"end":{"line":106,"column":47}}},"11":{"name":"(anonymous_11)","line":107,"loc":{"start":{"line":107,"column":31},"end":{"line":107,"column":46}}},"12":{"name":"(anonymous_12)","line":111,"loc":{"start":{"line":111,"column":37},"end":{"line":111,"column":49}}},"13":{"name":"(anonymous_13)","line":112,"loc":{"start":{"line":112,"column":33},"end":{"line":112,"column":48}}},"14":{"name":"(anonymous_14)","line":116,"loc":{"start":{"line":116,"column":37},"end":{"line":116,"column":49}}},"15":{"name":"(anonymous_15)","line":117,"loc":{"start":{"line":117,"column":33},"end":{"line":117,"column":48}}},"16":{"name":"(anonymous_16)","line":127,"loc":{"start":{"line":127,"column":24},"end":{"line":127,"column":44}}},"17":{"name":"(anonymous_17)","line":132,"loc":{"start":{"line":132,"column":13},"end":{"line":132,"column":25}}},"18":{"name":"(anonymous_18)","line":136,"loc":{"start":{"line":136,"column":18},"end":{"line":136,"column":32}}},"19":{"name":"(anonymous_19)","line":139,"loc":{"start":{"line":139,"column":18},"end":{"line":139,"column":32}}},"20":{"name":"(anonymous_20)","line":142,"loc":{"start":{"line":142,"column":16},"end":{"line":142,"column":30}}},"21":{"name":"(anonymous_21)","line":149,"loc":{"start":{"line":149,"column":24},"end":{"line":149,"column":50}}},"22":{"name":"(anonymous_22)","line":154,"loc":{"start":{"line":154,"column":13},"end":{"line":154,"column":25}}},"23":{"name":"(anonymous_23)","line":159,"loc":{"start":{"line":159,"column":23},"end":{"line":159,"column":47}}},"24":{"name":"(anonymous_24)","line":165,"loc":{"start":{"line":165,"column":13},"end":{"line":165,"column":25}}},"25":{"name":"(anonymous_25)","line":170,"loc":{"start":{"line":170,"column":23},"end":{"line":170,"column":53}}},"26":{"name":"(anonymous_26)","line":175,"loc":{"start":{"line":175,"column":13},"end":{"line":175,"column":25}}},"27":{"name":"(anonymous_27)","line":180,"loc":{"start":{"line":180,"column":26},"end":{"line":180,"column":50}}},"28":{"name":"(anonymous_28)","line":186,"loc":{"start":{"line":186,"column":13},"end":{"line":186,"column":25}}}},"statementMap":{"1":{"start":{"line":3,"column":0},"end":{"line":3,"column":45}},"2":{"start":{"line":4,"column":0},"end":{"line":4,"column":45}},"3":{"start":{"line":5,"column":0},"end":{"line":5,"column":56}},"4":{"start":{"line":6,"column":0},"end":{"line":6,"column":41}},"5":{"start":{"line":7,"column":0},"end":{"line":7,"column":29}},"6":{"start":{"line":8,"column":0},"end":{"line":8,"column":35}},"7":{"start":{"line":9,"column":0},"end":{"line":9,"column":35}},"8":{"start":{"line":10,"column":0},"end":{"line":10,"column":27}},"9":{"start":{"line":11,"column":0},"end":{"line":11,"column":29}},"10":{"start":{"line":12,"column":0},"end":{"line":12,"column":44}},"11":{"start":{"line":13,"column":0},"end":{"line":13,"column":66}},"12":{"start":{"line":15,"column":0},"end":{"line":15,"column":18}},"13":{"start":{"line":17,"column":0},"end":{"line":20,"column":1}},"14":{"start":{"line":18,"column":2},"end":{"line":18,"column":46}},"15":{"start":{"line":18,"column":26},"end":{"line":18,"column":44}},"16":{"start":{"line":19,"column":2},"end":{"line":19,"column":88}},"17":{"start":{"line":22,"column":0},"end":{"line":41,"column":1}},"18":{"start":{"line":23,"column":2},"end":{"line":23,"column":10}},"19":{"start":{"line":25,"column":2},"end":{"line":37,"column":3}},"20":{"start":{"line":27,"column":6},"end":{"line":27,"column":73}},"21":{"start":{"line":28,"column":6},"end":{"line":28,"column":12}},"22":{"start":{"line":30,"column":6},"end":{"line":30,"column":62}},"23":{"start":{"line":31,"column":6},"end":{"line":31,"column":12}},"24":{"start":{"line":33,"column":6},"end":{"line":33,"column":67}},"25":{"start":{"line":34,"column":6},"end":{"line":34,"column":12}},"26":{"start":{"line":36,"column":6},"end":{"line":36,"column":41}},"27":{"start":{"line":38,"column":2},"end":{"line":38,"column":17}},"28":{"start":{"line":39,"column":2},"end":{"line":39,"column":19}},"29":{"start":{"line":40,"column":2},"end":{"line":40,"column":17}},"30":{"start":{"line":43,"column":0},"end":{"line":45,"column":1}},"31":{"start":{"line":44,"column":2},"end":{"line":44,"column":80}},"32":{"start":{"line":47,"column":0},"end":{"line":69,"column":1}},"33":{"start":{"line":48,"column":2},"end":{"line":48,"column":20}},"34":{"start":{"line":50,"column":2},"end":{"line":50,"column":43}},"35":{"start":{"line":51,"column":2},"end":{"line":51,"column":48}},"36":{"start":{"line":53,"column":2},"end":{"line":56,"column":3}},"37":{"start":{"line":54,"column":4},"end":{"line":54,"column":23}},"38":{"start":{"line":55,"column":4},"end":{"line":55,"column":17}},"39":{"start":{"line":58,"column":2},"end":{"line":58,"column":54}},"40":{"start":{"line":58,"column":31},"end":{"line":58,"column":52}},"41":{"start":{"line":60,"column":2},"end":{"line":60,"column":29}},"42":{"start":{"line":61,"column":2},"end":{"line":65,"column":3}},"43":{"start":{"line":62,"column":4},"end":{"line":64,"column":5}},"44":{"start":{"line":63,"column":6},"end":{"line":63,"column":35}},"45":{"start":{"line":67,"column":2},"end":{"line":67,"column":28}},"46":{"start":{"line":68,"column":2},"end":{"line":68,"column":29}},"47":{"start":{"line":71,"column":0},"end":{"line":82,"column":1}},"48":{"start":{"line":72,"column":2},"end":{"line":72,"column":49}},"49":{"start":{"line":74,"column":2},"end":{"line":79,"column":3}},"50":{"start":{"line":75,"column":4},"end":{"line":75,"column":35}},"51":{"start":{"line":76,"column":4},"end":{"line":76,"column":37}},"52":{"start":{"line":77,"column":9},"end":{"line":79,"column":3}},"53":{"start":{"line":78,"column":4},"end":{"line":78,"column":35}},"54":{"start":{"line":81,"column":2},"end":{"line":81,"column":22}},"55":{"start":{"line":84,"column":0},"end":{"line":89,"column":1}},"56":{"start":{"line":85,"column":2},"end":{"line":85,"column":35}},"57":{"start":{"line":86,"column":2},"end":{"line":86,"column":26}},"58":{"start":{"line":87,"column":2},"end":{"line":87,"column":24}},"59":{"start":{"line":88,"column":2},"end":{"line":88,"column":26}},"60":{"start":{"line":91,"column":0},"end":{"line":125,"column":2}},"61":{"start":{"line":92,"column":2},"end":{"line":92,"column":36}},"62":{"start":{"line":93,"column":2},"end":{"line":93,"column":22}},"63":{"start":{"line":94,"column":2},"end":{"line":94,"column":23}},"64":{"start":{"line":95,"column":2},"end":{"line":95,"column":18}},"65":{"start":{"line":97,"column":2},"end":{"line":124,"column":5}},"66":{"start":{"line":98,"column":4},"end":{"line":98,"column":40}},"67":{"start":{"line":100,"column":4},"end":{"line":100,"column":44}},"68":{"start":{"line":100,"column":18},"end":{"line":100,"column":42}},"69":{"start":{"line":101,"column":4},"end":{"line":101,"column":78}},"70":{"start":{"line":101,"column":35},"end":{"line":101,"column":76}},"71":{"start":{"line":103,"column":4},"end":{"line":103,"column":58}},"72":{"start":{"line":105,"column":4},"end":{"line":105,"column":103}},"73":{"start":{"line":106,"column":4},"end":{"line":106,"column":114}},"74":{"start":{"line":106,"column":49},"end":{"line":106,"column":110}},"75":{"start":{"line":107,"column":4},"end":{"line":107,"column":96}},"76":{"start":{"line":107,"column":48},"end":{"line":107,"column":92}},"77":{"start":{"line":108,"column":4},"end":{"line":108,"column":57}},"78":{"start":{"line":110,"column":4},"end":{"line":110,"column":75}},"79":{"start":{"line":111,"column":4},"end":{"line":111,"column":117}},"80":{"start":{"line":111,"column":51},"end":{"line":111,"column":113}},"81":{"start":{"line":112,"column":4},"end":{"line":112,"column":100}},"82":{"start":{"line":112,"column":50},"end":{"line":112,"column":96}},"83":{"start":{"line":113,"column":4},"end":{"line":113,"column":61}},"84":{"start":{"line":115,"column":4},"end":{"line":115,"column":75}},"85":{"start":{"line":116,"column":4},"end":{"line":116,"column":117}},"86":{"start":{"line":116,"column":51},"end":{"line":116,"column":113}},"87":{"start":{"line":117,"column":4},"end":{"line":117,"column":100}},"88":{"start":{"line":117,"column":50},"end":{"line":117,"column":96}},"89":{"start":{"line":118,"column":4},"end":{"line":118,"column":61}},"90":{"start":{"line":120,"column":4},"end":{"line":120,"column":85}},"91":{"start":{"line":120,"column":25},"end":{"line":120,"column":83}},"92":{"start":{"line":122,"column":4},"end":{"line":122,"column":33}},"93":{"start":{"line":123,"column":4},"end":{"line":123,"column":15}},"94":{"start":{"line":127,"column":0},"end":{"line":147,"column":2}},"95":{"start":{"line":128,"column":2},"end":{"line":128,"column":18}},"96":{"start":{"line":130,"column":2},"end":{"line":130,"column":44}},"97":{"start":{"line":130,"column":26},"end":{"line":130,"column":42}},"98":{"start":{"line":132,"column":2},"end":{"line":146,"column":8}},"99":{"start":{"line":133,"column":4},"end":{"line":133,"column":60}},"100":{"start":{"line":133,"column":32},"end":{"line":133,"column":58}},"101":{"start":{"line":135,"column":4},"end":{"line":145,"column":17}},"102":{"start":{"line":137,"column":8},"end":{"line":137,"column":106}},"103":{"start":{"line":137,"column":62},"end":{"line":137,"column":89}},"104":{"start":{"line":137,"column":99},"end":{"line":137,"column":104}},"105":{"start":{"line":140,"column":8},"end":{"line":140,"column":106}},"106":{"start":{"line":140,"column":62},"end":{"line":140,"column":89}},"107":{"start":{"line":140,"column":99},"end":{"line":140,"column":104}},"108":{"start":{"line":143,"column":8},"end":{"line":143,"column":107}},"109":{"start":{"line":143,"column":58},"end":{"line":143,"column":83}},"110":{"start":{"line":143,"column":93},"end":{"line":143,"column":105}},"111":{"start":{"line":149,"column":0},"end":{"line":157,"column":2}},"112":{"start":{"line":150,"column":2},"end":{"line":150,"column":18}},"113":{"start":{"line":152,"column":2},"end":{"line":152,"column":44}},"114":{"start":{"line":152,"column":26},"end":{"line":152,"column":42}},"115":{"start":{"line":154,"column":2},"end":{"line":156,"column":8}},"116":{"start":{"line":155,"column":4},"end":{"line":155,"column":99}},"117":{"start":{"line":155,"column":26},"end":{"line":155,"column":49}},"118":{"start":{"line":155,"column":59},"end":{"line":155,"column":97}},"119":{"start":{"line":159,"column":0},"end":{"line":168,"column":2}},"120":{"start":{"line":160,"column":2},"end":{"line":160,"column":18}},"121":{"start":{"line":162,"column":2},"end":{"line":162,"column":32}},"122":{"start":{"line":162,"column":20},"end":{"line":162,"column":30}},"123":{"start":{"line":163,"column":2},"end":{"line":163,"column":42}},"124":{"start":{"line":163,"column":26},"end":{"line":163,"column":40}},"125":{"start":{"line":165,"column":2},"end":{"line":167,"column":8}},"126":{"start":{"line":166,"column":4},"end":{"line":166,"column":118}},"127":{"start":{"line":166,"column":36},"end":{"line":166,"column":68}},"128":{"start":{"line":166,"column":78},"end":{"line":166,"column":116}},"129":{"start":{"line":170,"column":0},"end":{"line":178,"column":2}},"130":{"start":{"line":171,"column":2},"end":{"line":171,"column":18}},"131":{"start":{"line":173,"column":2},"end":{"line":173,"column":44}},"132":{"start":{"line":173,"column":26},"end":{"line":173,"column":42}},"133":{"start":{"line":175,"column":2},"end":{"line":177,"column":8}},"134":{"start":{"line":176,"column":4},"end":{"line":176,"column":103}},"135":{"start":{"line":176,"column":26},"end":{"line":176,"column":49}},"136":{"start":{"line":176,"column":59},"end":{"line":176,"column":101}},"137":{"start":{"line":180,"column":0},"end":{"line":195,"column":2}},"138":{"start":{"line":181,"column":2},"end":{"line":181,"column":18}},"139":{"start":{"line":183,"column":2},"end":{"line":183,"column":32}},"140":{"start":{"line":183,"column":20},"end":{"line":183,"column":30}},"141":{"start":{"line":184,"column":2},"end":{"line":184,"column":42}},"142":{"start":{"line":184,"column":26},"end":{"line":184,"column":40}},"143":{"start":{"line":186,"column":2},"end":{"line":194,"column":8}},"144":{"start":{"line":187,"column":4},"end":{"line":193,"column":5}},"145":{"start":{"line":188,"column":6},"end":{"line":188,"column":31}},"146":{"start":{"line":189,"column":6},"end":{"line":189,"column":29}},"147":{"start":{"line":190,"column":6},"end":{"line":190,"column":17}},"148":{"start":{"line":192,"column":6},"end":{"line":192,"column":42}},"149":{"start":{"line":197,"column":0},"end":{"line":197,"column":31}}},"branchMap":{"1":{"line":18,"type":"if","locations":[{"start":{"line":18,"column":2},"end":{"line":18,"column":2}},{"start":{"line":18,"column":2},"end":{"line":18,"column":2}}]},"2":{"line":25,"type":"switch","locations":[{"start":{"line":26,"column":4},"end":{"line":28,"column":12}},{"start":{"line":29,"column":4},"end":{"line":31,"column":12}},{"start":{"line":32,"column":4},"end":{"line":34,"column":12}},{"start":{"line":35,"column":4},"end":{"line":36,"column":41}}]},"3":{"line":50,"type":"cond-expr","locations":[{"start":{"line":50,"column":30},"end":{"line":50,"column":32}},{"start":{"line":50,"column":35},"end":{"line":50,"column":42}}]},"4":{"line":51,"type":"cond-expr","locations":[{"start":{"line":51,"column":32},"end":{"line":51,"column":36}},{"start":{"line":51,"column":39},"end":{"line":51,"column":47}}]},"5":{"line":53,"type":"if","locations":[{"start":{"line":53,"column":2},"end":{"line":53,"column":2}},{"start":{"line":53,"column":2},"end":{"line":53,"column":2}}]},"6":{"line":58,"type":"if","locations":[{"start":{"line":58,"column":2},"end":{"line":58,"column":2}},{"start":{"line":58,"column":2},"end":{"line":58,"column":2}}]},"7":{"line":62,"type":"if","locations":[{"start":{"line":62,"column":4},"end":{"line":62,"column":4}},{"start":{"line":62,"column":4},"end":{"line":62,"column":4}}]},"8":{"line":72,"type":"binary-expr","locations":[{"start":{"line":72,"column":21},"end":{"line":72,"column":42}},{"start":{"line":72,"column":46},"end":{"line":72,"column":48}}]},"9":{"line":74,"type":"if","locations":[{"start":{"line":74,"column":2},"end":{"line":74,"column":2}},{"start":{"line":74,"column":2},"end":{"line":74,"column":2}}]},"10":{"line":74,"type":"binary-expr","locations":[{"start":{"line":74,"column":6},"end":{"line":74,"column":17}},{"start":{"line":74,"column":21},"end":{"line":74,"column":33}}]},"11":{"line":77,"type":"if","locations":[{"start":{"line":77,"column":9},"end":{"line":77,"column":9}},{"start":{"line":77,"column":9},"end":{"line":77,"column":9}}]},"12":{"line":100,"type":"if","locations":[{"start":{"line":100,"column":4},"end":{"line":100,"column":4}},{"start":{"line":100,"column":4},"end":{"line":100,"column":4}}]},"13":{"line":101,"type":"if","locations":[{"start":{"line":101,"column":4},"end":{"line":101,"column":4}},{"start":{"line":101,"column":4},"end":{"line":101,"column":4}}]},"14":{"line":120,"type":"if","locations":[{"start":{"line":120,"column":4},"end":{"line":120,"column":4}},{"start":{"line":120,"column":4},"end":{"line":120,"column":4}}]},"15":{"line":130,"type":"if","locations":[{"start":{"line":130,"column":2},"end":{"line":130,"column":2}},{"start":{"line":130,"column":2},"end":{"line":130,"column":2}}]},"16":{"line":133,"type":"if","locations":[{"start":{"line":133,"column":4},"end":{"line":133,"column":4}},{"start":{"line":133,"column":4},"end":{"line":133,"column":4}}]},"17":{"line":137,"type":"if","locations":[{"start":{"line":137,"column":8},"end":{"line":137,"column":8}},{"start":{"line":137,"column":8},"end":{"line":137,"column":8}}]},"18":{"line":137,"type":"binary-expr","locations":[{"start":{"line":137,"column":12},"end":{"line":137,"column":28}},{"start":{"line":137,"column":32},"end":{"line":137,"column":58}}]},"19":{"line":140,"type":"if","locations":[{"start":{"line":140,"column":8},"end":{"line":140,"column":8}},{"start":{"line":140,"column":8},"end":{"line":140,"column":8}}]},"20":{"line":140,"type":"binary-expr","locations":[{"start":{"line":140,"column":12},"end":{"line":140,"column":28}},{"start":{"line":140,"column":32},"end":{"line":140,"column":58}}]},"21":{"line":143,"type":"if","locations":[{"start":{"line":143,"column":8},"end":{"line":143,"column":8}},{"start":{"line":143,"column":8},"end":{"line":143,"column":8}}]},"22":{"line":143,"type":"binary-expr","locations":[{"start":{"line":143,"column":12},"end":{"line":143,"column":26}},{"start":{"line":143,"column":30},"end":{"line":143,"column":54}}]},"23":{"line":152,"type":"if","locations":[{"start":{"line":152,"column":2},"end":{"line":152,"column":2}},{"start":{"line":152,"column":2},"end":{"line":152,"column":2}}]},"24":{"line":155,"type":"if","locations":[{"start":{"line":155,"column":4},"end":{"line":155,"column":4}},{"start":{"line":155,"column":4},"end":{"line":155,"column":4}}]},"25":{"line":162,"type":"if","locations":[{"start":{"line":162,"column":2},"end":{"line":162,"column":2}},{"start":{"line":162,"column":2},"end":{"line":162,"column":2}}]},"26":{"line":163,"type":"if","locations":[{"start":{"line":163,"column":2},"end":{"line":163,"column":2}},{"start":{"line":163,"column":2},"end":{"line":163,"column":2}}]},"27":{"line":166,"type":"if","locations":[{"start":{"line":166,"column":4},"end":{"line":166,"column":4}},{"start":{"line":166,"column":4},"end":{"line":166,"column":4}}]},"28":{"line":173,"type":"if","locations":[{"start":{"line":173,"column":2},"end":{"line":173,"column":2}},{"start":{"line":173,"column":2},"end":{"line":173,"column":2}}]},"29":{"line":176,"type":"if","locations":[{"start":{"line":176,"column":4},"end":{"line":176,"column":4}},{"start":{"line":176,"column":4},"end":{"line":176,"column":4}}]},"30":{"line":183,"type":"if","locations":[{"start":{"line":183,"column":2},"end":{"line":183,"column":2}},{"start":{"line":183,"column":2},"end":{"line":183,"column":2}}]},"31":{"line":184,"type":"if","locations":[{"start":{"line":184,"column":2},"end":{"line":184,"column":2}},{"start":{"line":184,"column":2},"end":{"line":184,"column":2}}]},"32":{"line":187,"type":"if","locations":[{"start":{"line":187,"column":4},"end":{"line":187,"column":4}},{"start":{"line":187,"column":4},"end":{"line":187,"column":4}}]}},"code":["'use strict';","","var Admin = require('./portals/admin').Admin;","var Stubs = require('./portals/stubs').Stubs;","var Endpoints = require('./models/endpoints').Endpoints;","var Watcher = require('./console/watch');","var async = require('async');","var CLI = require('./console/cli');","var out = require('./console/out');","var http = require('http');","var https = require('https');","var contract = require('./models/contract');","var couldNotSave = \"The supplied endpoint data couldn't be saved\";","","function noop() {}","","function onListening(portal, port, protocol, location) {","  if (protocol == null) { protocol = 'http'; }","  out.status(portal + ' portal running at ' + protocol + '://' + location + ':' + port);","}","","function onError(err, port, location) {","  var msg;","","  switch (err.code) {","    case 'EACCES':","      msg = 'Permission denied for use of port ' + port + '. Exiting...';","      break;","    case 'EADDRINUSE':","      msg = 'Port ' + port + ' is already in use! Exiting...';","      break;","    case 'EADDRNOTAVAIL':","      msg = 'Host \"' + location + '\" is not available! Exiting...';","      break;","    default:","      msg = err.message + '. Exiting...';","  }","  out.error(msg);","  console.dir(err); // eslint-disable-line","  process.exit();","}","","function onEndpointLoaded(err, endpoint) {","  out.notice('Loaded: ' + endpoint.request.method + ' ' + endpoint.request.url);","}","","function setupStartOptions(options, callback) {","  var defaults, key;","","  options = options == null ? {} : options;","  callback = callback == null ? noop : callback;","","  if (typeof options === 'function') {","    callback = options;","    options = {};","  }","","  if (options.quiet == null) { options.quiet = true; }","","  defaults = CLI.getArgs([]);","  for (key in defaults) {","    if (options[key] == null) {","      options[key] = defaults[key];","    }","  }","","  out.quiet = options.quiet;","  return [options, callback];","}","","function createHttpsOptions(options) {","  var httpsOptions = options._httpsOptions || {};","","  if (options.key && options.cert) {","    httpsOptions.key = options.key;","    httpsOptions.cert = options.cert;","  } else if (options.pfx) {","    httpsOptions.pfx = options.pfx;","  }","","  return httpsOptions;","}","","function Stubby() {","  this.endpoints = new Endpoints();","  this.stubsPortal = null;","  this.tlsPortal = null;","  this.adminPortal = null;","}","","Stubby.prototype.start = function (o, cb) {","  var oc = setupStartOptions(o, cb);","  var options = oc[0];","  var callback = oc[1];","  var self = this;","","  this.stop(function () {","    var errors = contract(options.data);","","    if (errors) { return callback(errors); }","    if (options.datadir != null) { self.endpoints.datadir = options.datadir; }","","    self.endpoints.create(options.data, onEndpointLoaded);","","    self.tlsPortal = https.createServer(createHttpsOptions(options), new Stubs(self.endpoints).server);","    self.tlsPortal.on('listening', function () { onListening('Stubs', options.tls, 'https', options.location); });","    self.tlsPortal.on('error', function (err) { onError(err, options.tls, options.location); });","    self.tlsPortal.listen(options.tls, options.location);","","    self.stubsPortal = http.createServer(new Stubs(self.endpoints).server);","    self.stubsPortal.on('listening', function () { onListening('Stubs', options.stubs, 'http', options.location); });","    self.stubsPortal.on('error', function (err) { onError(err, options.stubs, options.location); });","    self.stubsPortal.listen(options.stubs, options.location);","","    self.adminPortal = http.createServer(new Admin(self.endpoints).server);","    self.adminPortal.on('listening', function () { onListening('Admin', options.admin, 'http', options.location); });","    self.adminPortal.on('error', function (err) { onError(err, options.admin, options.location); });","    self.adminPortal.listen(options.admin, options.location);","","    if (options.watch) { self.watcher = new Watcher(self.endpoints, options.watch); }","","    out.info('\\nQuit: ctrl-c\\n');","    callback();","  });","};","","Stubby.prototype.stop = function (callback) {","  var self = this;","","  if (callback == null) { callback = noop; }","","  setTimeout(function () {","    if (self.watcher != null) { self.watcher.deactivate(); }","","    async.parallel({","      closeAdmin: function (cb) {","        if (self.adminPortal && self.adminPortal.address()) { self.adminPortal.close(cb); } else { cb(); }","      },","      closeStubs: function (cb) {","        if (self.stubsPortal && self.stubsPortal.address()) { self.stubsPortal.close(cb); } else { cb(); }","      },","      closeTls: function (cb) {","        if (self.tlsPortal && self.tlsPortal.address()) { self.tlsPortal.close(cb); } else { return cb(); }","      }","    }, callback);","  }, 1);","};","","Stubby.prototype.post = function (data, callback) {","  var self = this;","","  if (callback == null) { callback = noop; }","","  setTimeout(function () {","    if (contract(data)) { callback(couldNotSave); } else { self.endpoints.create(data, callback); }","  }, 1);","};","","Stubby.prototype.get = function (id, callback) {","  var self = this;","","  if (id == null) { id = noop; }","  if (callback == null) { callback = id; }","","  setTimeout(function () {","    if (typeof id === 'function') { self.endpoints.gather(callback); } else { self.endpoints.retrieve(id, callback); }","  }, 1);","};","","Stubby.prototype.put = function (id, data, callback) {","  var self = this;","","  if (callback == null) { callback = noop; }","","  setTimeout(function () {","    if (contract(data)) { callback(couldNotSave); } else { self.endpoints.update(id, data, callback); }","  }, 1);","};","","Stubby.prototype.delete = function (id, callback) {","  var self = this;","","  if (id == null) { id = noop; }","  if (callback == null) { callback = id; }","","  setTimeout(function () {","    if (typeof id === 'function') {","      delete self.endpoints.db;","      self.endpoints.db = {};","      callback();","    } else {","      self.endpoints.delete(id, callback);","    }","  }, 1);","};","","module.exports.Stubby = Stubby;",""],"l":{"3":1,"4":1,"5":1,"6":1,"7":1,"8":1,"9":1,"10":1,"11":1,"12":1,"13":1,"15":1,"17":1,"18":0,"19":0,"22":1,"23":0,"25":0,"27":0,"28":0,"30":0,"31":0,"33":0,"34":0,"36":0,"38":0,"39":0,"40":0,"43":1,"44":0,"47":1,"48":0,"50":0,"51":0,"53":0,"54":0,"55":0,"58":0,"60":0,"61":0,"62":0,"63":0,"67":0,"68":0,"71":1,"72":0,"74":0,"75":0,"76":0,"77":0,"78":0,"81":0,"84":1,"85":0,"86":0,"87":0,"88":0,"91":1,"92":0,"93":0,"94":0,"95":0,"97":0,"98":0,"100":0,"101":0,"103":0,"105":0,"106":0,"107":0,"108":0,"110":0,"111":0,"112":0,"113":0,"115":0,"116":0,"117":0,"118":0,"120":0,"122":0,"123":0,"127":1,"128":0,"130":0,"132":0,"133":0,"135":0,"137":0,"140":0,"143":0,"149":1,"150":0,"152":0,"154":0,"155":0,"159":1,"160":0,"162":0,"163":0,"165":0,"166":0,"170":1,"171":0,"173":0,"175":0,"176":0,"180":1,"181":0,"183":0,"184":0,"186":0,"187":0,"188":0,"189":0,"190":0,"192":0,"197":1}},"/home/travis/build/npmtest/node-npmtest-stubby/node_modules/stubby/src/portals/admin.js":{"path":"/home/travis/build/npmtest/node-npmtest-stubby/node_modules/stubby/src/portals/admin.js","s":{"1":1,"2":1,"3":1,"4":1,"5":1,"6":1,"7":0,"8":0,"9":0,"10":0,"11":0,"12":1,"13":1,"14":1,"15":1,"16":0,"17":0,"18":1,"19":0,"20":0,"21":0,"22":0,"23":0,"24":0,"25":0,"26":0,"27":0,"28":1,"29":0,"30":0,"31":0,"32":0,"33":0,"34":0,"35":0,"36":0,"37":0,"38":1,"39":0,"40":0,"41":0,"42":0,"43":1,"44":0,"45":0,"46":0,"47":0,"48":1,"49":0,"50":0,"51":0,"52":0,"53":0,"54":0,"55":0,"56":0,"57":0,"58":0,"59":0,"60":0,"61":0,"62":0,"63":1,"64":0,"65":0,"66":0,"67":0,"68":0,"69":0,"70":0,"71":0,"72":1,"73":0,"74":0,"75":0,"76":0,"77":1,"78":0,"79":0,"80":0,"81":0,"82":0,"83":0,"84":0,"85":0,"86":1,"87":0,"88":0,"89":1,"90":0,"91":0,"92":0,"93":0,"94":1,"95":0,"96":0,"97":1,"98":0,"99":0,"100":1,"101":0,"102":0,"103":1,"104":0,"105":0,"106":1,"107":0,"108":0,"109":1,"110":0,"111":0,"112":1,"113":0,"114":0,"115":1,"116":0,"117":1,"118":0,"119":1,"120":0,"121":0,"122":0,"123":0,"124":0,"125":0,"126":0,"127":0,"128":0,"129":0,"130":0,"131":0,"132":0,"133":0,"134":0,"135":0,"136":1},"b":{"1":[0,0],"2":[0,0],"3":[0,0],"4":[0,0],"5":[0,0],"6":[0,0],"7":[0,0],"8":[0,0],"9":[0,0],"10":[0,0],"11":[0,0],"12":[0,0],"13":[0,0],"14":[0,0],"15":[0,0,0,0,0]},"f":{"1":0,"2":0,"3":0,"4":0,"5":0,"6":0,"7":0,"8":0,"9":0,"10":0,"11":0,"12":0,"13":0,"14":0,"15":0,"16":0,"17":0,"18":0,"19":0,"20":0,"21":0,"22":0,"23":0,"24":0,"25":0,"26":0,"27":0,"28":0,"29":0},"fnMap":{"1":{"name":"Admin","line":9,"loc":{"start":{"line":9,"column":0},"end":{"line":9,"column":26}}},"2":{"name":"(anonymous_2)","line":22,"loc":{"start":{"line":22,"column":25},"end":{"line":22,"column":45}}},"3":{"name":"(anonymous_3)","line":30,"loc":{"start":{"line":30,"column":24},"end":{"line":30,"column":53}}},"4":{"name":"(anonymous_4)","l
[...]
s, 10) || 200,","        latency: parseInt(response.latency, 10) || null,","        file: response.file,","        body: purifyBody(response.body)","      }));","    }","  });","","  return outgoing;","}","","function purifyHeaders(incoming) {","  var prop;","  var outgoing = {};","","  for (prop in incoming) {","    if (incoming.hasOwnProperty(prop)) {","      outgoing[prop.toLowerCase()] = incoming[prop];","    }","  }","","  return outgoing;","}","","function purifyAuthorization(headers) {","  var auth, userpass;","","  if (headers == null || headers.authorization == null) { return headers; }","","  auth = headers.authorization || '';","","  if (/^Basic .+:.+$/.test(auth)) {","    userpass = auth.substr(6);","    headers.authorization = 'Basic ' + new Buffer(userpass).toString('base64');","  }","","  return headers;","}","","function purifyBody(body) {","  if (body == null) { body = ''; }","","  if (typeof body === 'object') {","    return JSON.stringify(body);","  }","","  return body;","}","","function pruneUndefined(incoming) {","  var key, value;","  var outgoing = {};","","  for (key in incoming) {","    if (!incoming.hasOwnProperty(key)) { continue; }","","    value = incoming[key];","    if (value != null) { outgoing[key] = value; }","  }","","  return outgoing;","}","","function compareHashMaps(configured, incoming) {","  var key;","  var headers = {};","  if (configured == null) { configured = {}; }","  if (incoming == null) { incoming = {}; }","","  for (key in configured) {","    if (!configured.hasOwnProperty(key)) { continue; }","    headers[key] = matchRegex(configured[key], incoming[key]);","    if (!headers[key]) { return null; }","  }","","  return headers;","}","","function compareObjects(configured, incoming) {","  var key;","","  for (key in configured) {","    if (typeof configured[key] !== typeof incoming[key]) { return false; }","","    if (typeof configured[key] === 'object') {","      if (!compareObjects(configured[key], incoming[key])) { return false; }","    } else if (configured[key] !== incoming[key]) { return false; }","  }","","  return true;","}","","function matchRegex(compileMe, testMe) {","  if (testMe == null) { testMe = ''; }","  return String(testMe).match(RegExp(compileMe, 'm'));","}","","module.exports = Endpoint;",""],"l":{"3":1,"4":1,"5":1,"6":1,"7":1,"8":1,"10":1,"11":0,"12":0,"14":0,"16":0,"17":0,"18":0,"21":1,"22":0,"23":0,"25":0,"26":0,"28":0,"29":0,"31":0,"32":0,"34":0,"35":0,"36":0,"37":0,"41":0,"42":0,"43":0,"44":0,"45":0,"46":0,"47":0,"48":0,"50":0,"54":0,"55":0,"56":0,"57":0,"58":0,"61":0,"64":1,"65":0,"66":0,"67":0,"68":0,"76":0,"77":0,"79":0,"80":0,"83":0,"84":0,"85":0,"86":0,"87":0,"88":0,"91":0,"92":0,"94":0,"95":0,"96":0,"100":0,"101":0,"103":0,"106":1,"107":0,"110":1,"111":0,"113":0,"115":0,"124":0,"125":0,"128":0,"129":0,"130":0,"133":1,"134":0,"136":0,"137":0,"138":0,"140":0,"141":0,"142":0,"144":0,"154":0,"157":1,"158":0,"159":0,"161":0,"162":0,"163":0,"167":0,"170":1,"171":0,"173":0,"175":0,"177":0,"178":0,"179":0,"182":0,"185":1,"186":0,"188":0,"189":0,"192":0,"195":1,"196":0,"197":0,"199":0,"200":0,"202":0,"203":0,"206":0,"209":1,"210":0,"211":0,"212":0,"213":0,"215":0,"216":0,"217":0,"218":0,"221":0,"224":1,"225":0,"227":0,"228":0,"230":0,"231":0,"232":0,"235":0,"238":1,"239":0,"240":0,"243":1}},"/home/travis/build/npmtest/node-npmtest-stubby/node_modules/stubby/src/lib/clone.js":{"path":"/home/travis/build/npmtest/node-npmtest-stubby/node_modules/stubby/src/lib/clone.js","s":{"1":1,"2":0},"b":{},"f":{"1":0},"fnMap":{"1":{"name":"clone","line":3,"loc":{"start":{"line":3,"column":17},"end":{"line":3,"column":35}}}},"statementMap":{"1":{"start":{"line":3,"column":0},"end":{"line":5,"column":2}},"2":{"start":{"line":4,"column":2},"end":{"line":4,"column":39}}},"branchMap":{},"code":["'use strict';","","module.exports = function clone(x) {","  return JSON.parse(JSON.stringify(x));","};",""],"l":{"3":1,"4":0}},"/home/travis/build/npmtest/node-npmtest-stubby/node_modules/stubby/src/console/watch.js":{"path":"/home/travis/build/npmtest/node-npmtest-stubby/node_modules/stubby/src/console/watch.js","s":{"1":1,"2":1,"3":1,"4":1,"5":1,"6":1,"7":1,"8":1,"9":1,"10":0,"11":0,"12":0,"13":0,"14":0,"15":0,"16":0,"17":1,"18":0,"19":0,"20":1,"21":0,"22":0,"23":0,"24":0,"25":0,"26":1,"27":0,"28":0,"29":0,"30":0,"31":0,"32":0,"33":0,"34":0,"35":0,"36":0,"37":0,"38":0,"39":0,"40":0,"41":0,"42":0,"43":0,"44":1},"b":{"1":[0,0],"2":[0,0],"3":[0,0]},"f":{"1":0,"2":0,"3":0,"4":0,"5":0},"fnMap":{"1":{"name":"Watcher","line":13,"loc":{"start":{"line":13,"column":0},"end":{"line":13,"column":38}}},"2":{"name":"(anonymous_2)","line":26,"loc":{"start":{"line":26,"column":31},"end":{"line":26,"column":43}}},"3":{"name":"(anonymous_3)","line":31,"loc":{"start":{"line":31,"column":29},"end":{"line":31,"column":41}}},"4":{"name":"(anonymous_4)","line":39,"loc":{"start":{"line":39,"column":28},"end":{"line":39,"column":40}}},"5":{"name":"(anonymous_5)","line":56,"loc":{"start":{"line":56,"column":36},"end":{"line":56,"column":48}}}},"statementMap":{"1":{"start":{"line":3,"column":0},"end":{"line":3,"column":23}},"2":{"start":{"line":4,"column":0},"end":{"line":4,"column":31}},"3":{"start":{"line":5,"column":0},"end":{"line":5,"column":45}},"4":{"start":{"line":6,"column":0},"end":{"line":6,"column":27}},"5":{"start":{"line":7,"column":0},"end":{"line":7,"column":30}},"6":{"start":{"line":9,"column":0},"end":{"line":9,"column":20}},"7":{"start":{"line":10,"column":0},"end":{"line":10,"column":22}},"8":{"start":{"line":11,"column":0},"end":{"line":11,"column":21}},"9":{"start":{"line":13,"column":0},"end":{"line":24,"column":1}},"10":{"start":{"line":14,"column":2},"end":{"line":14,"column":13}},"11":{"start":{"line":16,"column":2},"end":{"line":16,"column":29}},"12":{"start":{"line":17,"column":2},"end":{"line":17,"column":27}},"13":{"start":{"line":19,"column":2},"end":{"line":19,"column":37}},"14":{"start":{"line":20,"column":2},"end":{"line":20,"column":56}},"15":{"start":{"line":22,"column":2},"end":{"line":22,"column":34}},"16":{"start":{"line":23,"column":2},"end":{"line":23,"column":18}},"17":{"start":{"line":26,"column":0},"end":{"line":29,"column":2}},"18":{"start":{"line":27,"column":2},"end":{"line":27,"column":19}},"19":{"start":{"line":28,"column":2},"end":{"line":28,"column":35}},"20":{"start":{"line":31,"column":0},"end":{"line":37,"column":2}},"21":{"start":{"line":32,"column":2},"end":{"line":32,"column":27}},"22":{"start":{"line":32,"column":18},"end":{"line":32,"column":25}},"23":{"start":{"line":34,"column":2},"end":{"line":34,"column":18}},"24":{"start":{"line":35,"column":2},"end":{"line":35,"column":65}},"25":{"start":{"line":36,"column":2},"end":{"line":36,"column":62}},"26":{"start":{"line":39,"column":0},"end":{"line":66,"column":2}},"27":{"start":{"line":40,"column":2},"end":{"line":40,"column":18}},"28":{"start":{"line":41,"column":2},"end":{"line":41,"column":41}},"29":{"start":{"line":42,"column":2},"end":{"line":42,"column":52}},"30":{"start":{"line":44,"column":2},"end":{"line":44,"column":22}},"31":{"start":{"line":45,"column":2},"end":{"line":45,"column":29}},"32":{"start":{"line":47,"column":2},"end":{"line":63,"column":3}},"33":{"start":{"line":48,"column":4},"end":{"line":62,"column":5}},"34":{"start":{"line":49,"column":6},"end":{"line":49,"column":29}},"35":{"start":{"line":50,"column":6},"end":{"line":50,"column":30}},"36":{"start":{"line":52,"column":6},"end":{"line":58,"column":7}},"37":{"start":{"line":53,"column":8},"end":{"line":53,"column":26}},"38":{"start":{"line":55,"column":8},"end":{"line":55,"column":31}},"39":{"start":{"line":56,"column":8},"end":{"line":56,"column":52}},"40":{"start":{"line":57,"column":8},"end":{"line":57,"column":81}},"41":{"start":{"line":60,"column":6},"end":{"line":60,"column":80}},"42":{"start":{"line":61,"column":6},"end":{"line":61,"column":25}},"43":{"start":{"line":65,"column":2},"end":{"line":65,"column":17}},"44":{"start":{"line":68,"column":0},"end":{"line":68,"column":25}}},"branchMap":{"1":{"line":32,"type":"if","locations":[{"start":{"line":32,"column":2},"end":{"line":32,"column":2}},{"start":{"line":32,"column":2},"end":{"line":32,"column":2}}]},"2":{"line":47,"type":"if","locations":[{"start":{"line":47,"column":2},"end":{"line":47,"column":2}},{"start":{"line":47,"column":2},"end":{"line":47,"column":2}}]},"3":{"line":52,"type":"if","locations":[{"start":{"line":52,"column":6},"end":{"line":52,"column":6}},{"start":{"line":52,"column":6},"end":{"line":52,"column":6}}]}},"code":["'use strict';","","var fs = require('fs');","var crypto = require('crypto');","var contract = require('../models/contract');","var out = require('./out');","var yaml = require('js-yaml');","","var interval = 3000;","var intervalId = null;","var watching = false;","","function Watcher(endpoints, filename) {","  var shasum;","","  this.endpoints = endpoints;","  this.filename = filename;","","  shasum = crypto.createHash('sha1');","  shasum.update(fs.readFileSync(this.filename, 'utf8'));","","  this.sha = shasum.digest('hex');","  this.activate();","}","","Watcher.prototype.deactivate = function () {","  watching = false;","  return clearInterval(intervalId);","};","","Watcher.prototype.activate = function () {","  if (watching) { return; }","","  watching = true;","  out.status('Watching for changes in ' + this.filename + '...');","  intervalId = setInterval(this.refresh.bind(this), interval);","};","","Watcher.prototype.refresh = function () {","  var sha, errors;","  var shasum = crypto.createHash('sha1');","  var data = fs.readFileSync(this.filename, 'utf8');","","  shasum.update(data);","  sha = shasum.digest('hex');","","  if (sha !== this.sha) {","    try {","      data = yaml.load(data);","      errors = contract(data);","","      if (errors) {","        out.error(errors);","      } else {","        this.endpoints.db = [];","        this.endpoints.create(data, function () {});","        out.notice('\"' + this.filename + '\" was changed. It has been reloaded.');","      }","    } catch (e) {","      out.warn('Couldn\\'t parse \"' + this.filename + '\" due to syntax errors:');","      out.log(e.message);","    }","  }","","  this.sha = sha;","};","","module.exports = Watcher;",""],"l":{"3":1,"4":1,"5":1,"6":1,"7":1,"9":1,"10":1,"11":1,"13":1,"14":0,"16":0,"17":0,"19":0,"20":0,"22":0,"23":0,"26":1,"27":0,"28":0,"31":1,"32":0,"34":0,"35":0,"36":0,"39":1,"40":0,"41":0,"42":0,"44":0,"45":0,"47":0,"48":0,"49":0,"50":0,"52":0,"53":0,"55":0,"56":0,"57":0,"60":0,"61":0,"65":0,"68":1}},"/home/travis/build/npmtest/node-npmtest-stubby/node_modules/stubby/webroot/js/scripts.js":{"path":"/home/travis/build/npmtest/node-npmtest-stubby/node_modules/stubby/webroot/js/scripts.js","s":{"1":1,"2":1,"3":1,"4":1,"5":0,"6":0,"7":0,"8":0,"9":0,"10":0,"11":0,"12":0,"13":1,"14":1,"15":1,"16":0,"17":0,"18":0,"19":0,"20":0,"21":0,"22":0,"23":0,"24":0,"25":1,"26":0,"27":0,"28":0,"29":0,"30":0,"31":1,"32":0,"33":0,"34":0,"35":0,"36":0,"37":1},"b":{"1":[1,1],"2":[0,0],"3":[0,0]},"f":{"1":1,"2":0,"3":0,"4":0,"5":0},"fnMap":{"1":{"name":"(anonymous_1)","line":1,"loc":{"start":{"line":1,"column":1},"end":{"line":1,"column":18}}},"2":{"name":"queryParams","line":108,"loc":{"start":{"line":108,"column":2},"end":{"line":108,"column":30}}},"3":{"name":"success","line":126,"loc":{"start":{"line":126,"column":2},"end":{"line":126,"column":21}}},"4":{"name":"complete","line":143,"loc":{"start":{"line":143,"column":2},"end":{"line":143,"column":23}}},"5":{"name":"(anonymous_5)","line":150,"loc":{"start":{"line":150,"column":18},"end":{"line":150,"column":29}}}},"statementMap":{"1":{"start":{"line":1,"column":0},"end":{"line":160,"column":9}},"2":{"start":{"line":2,"column":2},"end":{"line":2,"column":35}},"3":{"start":{"line":3,"column":2},"end":{"line":106,"column":15}},"4":{"start":{"line":108,"column":2},"end":{"line":121,"column":3}},"5":{"start":{"line":109,"column":4},"end":{"line":109,"column":21}},"6":{"start":{"line":111,"column":4},"end":{"line":118,"column":5}},"7":{"start":{"line":112,"column":6},"end":{"line":112,"column":29}},"8":{"start":{"line":114,"column":6},"end":{"line":114,"column":40}},"9":{"start":{"line":115,"column":6},"end":{"line":115,"column":20}},"10":{"start":{"line":116,"column":6},"end":{"line":116,"column":42}},"11":{"start":{"line":117,"column":6},"end":{"line":117,"column":20}},"12":{"start":{"line":120,"column":4},"end":{"line":120,"column":37}},"13":{"start":{"line":123,"column":2},"end":{"line":123,"column":18}},"14":{"start":{"line":124,"column":2},"end":{"line":124,"column":18}},"15":{"start":{"line":126,"column":2},"end":{"line":141,"column":3}},"16":{"start":{"line":127,"column":4},"end":{"line":127,"column":32}},"17":{"start":{"line":128,"column":4},"end":{"line":128,"column":50}},"18":{"start":{"line":130,"column":4},"end":{"line":138,"column":5}},"19":{"start":{"line":131,"column":6},"end":{"line":131,"column":34}},"20":{"start":{"line":133,"column":6},"end":{"line":133,"column":41}},"21":{"start":{"line":134,"column":6},"end":{"line":134,"column":78}},"22":{"start":{"line":136,"column":6},"end":{"line":136,"column":48}},"23":{"start":{"line":137,"column":6},"end":{"line":137,"column":29}},"24":{"start":{"line":140,"column":4},"end":{"line":140,"column":28}},"25":{"start":{"line":143,"column":2},"end":{"line":148,"column":3}},"26":{"start":{"line":144,"column":4},"end":{"line":144,"column":42}},"27":{"start":{"line":144,"column":33},"end":{"line":144,"column":40}},"28":{"start":{"line":146,"column":4},"end":{"line":147,"column":51}},"29":{"start":{"line":146,"column":31},"end":{"line":146,"column":48}},"30":{"start":{"line":147,"column":11},"end":{"line":147,"column":49}},"31":{"start":{"line":150,"column":2},"end":{"line":157,"column":4}},"32":{"start":{"line":151,"column":4},"end":{"line":151,"column":48}},"33":{"start":{"line":153,"column":4},"end":{"line":153,"column":39}},"34":{"start":{"line":154,"column":4},"end":{"line":154,"column":32}},"35":{"start":{"line":155,"column":4},"end":{"line":155,"column":39}},"36":{"start":{"line":156,"column":4},"end":{"line":156,"column":20}},"37":{"start":{"line":159,"column":2},"end":{"line":159,"column":25}}},"branchMap":{"1":{"line":2,"type":"binary-expr","locations":[{"start":{"line":2,"column":15},"end":{"line":2,"column":28}},{"start":{"line":2,"column":32},"end":{"line":2,"column":34}}]},"2":{"line":144,"type":"if","locations":[{"start":{"line":144,"column":4},"end":{"line":144,"column":4}},{"start":{"line":144,"column":4},"end":{"line":144,"column":4}}]},"3":{"line":146,"type":"if","locations":[{"start":{"line":146,"column":4},"end":{"line":146,"column":4}},{"start":{"line":146,"column":4},"end":{"line":146,"column":4}}]}},"code":["(function(window) {","  var stubby = window.stubby || {};","  var template = [ // eww","  '<li>',","  '  <table>',","  '     <caption><a href=\"<%= adminUrl %>\">Endpoint <%= id %></a></caption>',","  '     <tr>',","  '        <th class=\"section\" colspan=\"2\">request</th>',","  '     </tr>',","  '     <tr>',","  '        <th class=\"property\">url</th>',","  '        <td><%= request.url %></td>',","  '     </tr>',","  '     <% if(request.method) { %>',","  '     <tr>',","  '        <th class=\"property\">method</th>',","  '        <td><%= request.method %></td>',","  '     </tr>',","  '     <% } if(request.query) { %>',","  '     <tr>',","  '        <th class=\"property\">query</th>',","  '        <td><% print(queryParams(request.query)); %></td>',","  '     </tr>',","  '     <tr>',","  '        <th></th>',","  '        <td>',","  '           <ul>',","  '              <% _.each(_.keys(request.query), function(key) { %>',","  '              <li>',","  '                 <dt><%= key %></dt>',","  '                 <dd><%= request.query[key] %></dd>',","  '              </li>',","  '              <% }); %>',","  '           </ul>',","  '        </td>',","  '     </tr>',","  '     <% } if(request.headers && Object.keys(request.headers).length > 0) { %>',","  '     <tr>',","  '        <th class=\"property\">headers</th>',","  '        <td>',","  '           <ul>',","  '              <% _.each(_.keys(request.headers), function(key) { %>',","  '              <li>',","  '                 <dt><%= key %></dt>',","  '                 <dd><%= request.headers[key] %></dd>',","  '              </li>',","  '              <% }); %>',","  '           </ul>',","  '        </td>',","  '     </tr>',","  '     <% } if(request.post) { %>',","  '     <tr>',","  '        <th class=\"property\">post</th>',","  '        <td><pre><code><%= request.post %></code></pre></td>',","  '     </tr>',","  '     <% } if(request.file) { %>',","  '     <tr>',","  '        <th class=\"property\">file</th>',","  '        <td><%= request.file %></td>',","  '     </tr>',","  '     <% } %>',","  '     <tr>',","  '        <th class=\"section\" colspan=\"2\">response</th>',","  '     </tr>',","  '     <% if(response.status) { %>',","  '     <tr>',","  '        <th class=\"property\">status</th>',","  '        <td><%= response.status %></td>',","  '     </tr>',","  '     <% } if(response.headers && Object.keys(response.headers).length > 0) { %>',","  '     <tr>',","  '        <th class=\"property\">headers</th>',","  '        <td>',","  '           <ul>',","  '              <% _.each(_.keys(response.headers), function(key) { %>',","  '              <li>',","  '                 <dt><%= key %></dt>',","  '                 <dd><%= response[0].headers[key] %></dd>',","  '              </li>',","  '              <% }); %>',","  '           </ul>',","  '        </td>',","  '     </tr>',","  '     <% } if(response[0].body) { %>',","  '     <tr>',","  '        <th class=\"property\">body</th>',","  '        <td><pre><code><%= response[0].body %></code></pre></td>',","  '     </tr>',","  '     <% } if(response[0].file) { %>',","  '     <tr>',","  '        <th class=\"property\">file</th>',","  '        <td><%= response[0].file %></td>',","  '     </tr>',","  '     <% } if(response[0].latency) { %>',","  '     <tr>',","  '        <th class=\"property\">latency</th>',","  '        <td><%= response[0].latency %></td>',","  '     </tr>',","  '     <% } %>',","  '     <tr>',","  '        <th class=\"section\">hits</th>',","  '        <td><%= hits %></td>',","  '     </tr>',","  '  </table>',","  '</li>',","  ].join('\\n');","","  function queryParams(query) {","    var result = \"?\";","","    for (var key in query) {","      var value = query[key];","","      result += encodeURIComponent(key);","      result += \"=\";","      result += encodeURIComponent(value);","      result += \"&\";","    }","","    return result.replace(/\\&$/, '');","  };","","  var ajax = null;","  var list = null;","","  function success() {","    var endpoint, _fn, _i, _len;","    var endpoints = JSON.parse(ajax.responseText);","","    for (var i = 0; i < endpoints.length; i++) {","      var endpoint = endpoints[i];","","      endpoint.queryParams = queryParams;","      endpoint.adminUrl = window.location.href.replace(/status/, endpoint.id);","","      var html = _.template(template)(endpoint);","      list.innerHTML += html;","    }","","    hljs.initHighlighting();","  }","","  function complete(e) {","    if (ajax.readyState !== 4) { return; }","","    if (ajax.status === 200) { return success(); }","    else { return console.error(ajax.statusText); }","  }","","  stubby.status = function() {","    list = document.getElementById('endpoints');","","    ajax = new window.XMLHttpRequest();","    ajax.open('GET', '/', true);","    ajax.onreadystatechange = complete;","    ajax.send(null);","  };","","  window.stubby = stubby;","})(this);",""],"l":{"1":1,"2":1,"3":1,"108":1,"109":0,"111":0,"112":0,"114":0,"115":0,"116":0,"117":0,"120":0,"123":1,"124":1,"126":1,"127":0,"128":0,"130":0,"131":0,"133":0,"134":0,"136":0,"137":0,"140":0,"143":1,"144":0,"146":0,"147":0,"150":1,"151":0,"153":0,"154":0,"155":0,"156":0,"159":1}}}